Sun Apr 26 17:35:29 PDT 2015
File s3://stochss-ap-southeast-2-bucket/candy.zip saved as '/mnt/candy.zip' (130412988 bytes in 12.8 seconds, 9.74 MB/s)
==========================
Sun Apr 26 17:40:42 PDT 2015
File s3://stochss-ap-southeast-2-bucket/candy.zip saved as '/mnt/candy.zip' (130412988 bytes in 12.5 seconds, 9.96 MB/s)
==========================
Sun Apr 26 17:45:35 PDT 2015
File s3://stochss-ap-southeast-2-bucket/candy.zip saved as '/mnt/candy.zip' (130412988 bytes in 12.7 seconds, 9.83 MB/s)
==========================
Sun Apr 26 17:50:43 PDT 2015
File s3://stochss-ap-southeast-2-bucket/candy.zip saved as '/mnt/candy.zip' (130412988 bytes in 12.7 seconds, 9.81 MB/s)
==========================
Sun Apr 26 17:55:46 PDT 2015
File s3://stochss-ap-southeast-2-bucket/candy.zip saved as '/mnt/candy.zip' (130412988 bytes in 11.6 seconds, 10.73 MB/s)
==========================
Sun Apr 26 18:00:28 PDT 2015
File s3://stochss-ap-southeast-2-bucket/candy.zip saved as '/mnt/candy.zip' (130412988 bytes in 68.8 seconds, 1851.66 kB/s)
==========================
Sun Apr 26 18:05:30 PDT 2015
File s3://stochss-ap-southeast-2-bucket/candy.zip saved as '/mnt/candy.zip' (130412988 bytes in 118.6 seconds, 1074.17 kB/s)
==========================
Sun Apr 26 18:10:31 PDT 2015
File s3://stochss-ap-southeast-2-bucket/candy.zip saved as '/mnt/candy.zip' (130412988 bytes in 59.8 seconds, 2.08 MB/s)
==========================
Sun Apr 26 18:15:41 PDT 2015
File s3://stochss-ap-southeast-2-bucket/candy.zip saved as '/mnt/candy.zip' (130412988 bytes in 12.5 seconds, 9.96 MB/s)
==========================
Sun Apr 26 18:20:29 PDT 2015
File s3://stochss-ap-southeast-2-bucket/candy.zip saved as '/mnt/candy.zip' (130412988 bytes in 12.1 seconds, 10.25 MB/s)
==========================
Sun Apr 26 18:25:28 PDT 2015
File s3://stochss-ap-southeast-2-bucket/candy.zip saved as '/mnt/candy.zip' (130412988 bytes in 12.5 seconds, 9.92 MB/s)
==========================
Sun Apr 26 18:30:30 PDT 2015
File s3://stochss-ap-southeast-2-bucket/candy.zip saved as '/mnt/candy.zip' (130412988 bytes in 24.8 seconds, 5.01 MB/s)
==========================
Sun Apr 26 18:36:32 PDT 2015
File s3://stochss-ap-southeast-2-bucket/candy.zip saved as '/mnt/candy.zip' (130412988 bytes in 117.3 seconds, 1085.28 kB/s)
==========================
Sun Apr 26 18:41:56 PDT 2015
File s3://stochss-ap-southeast-2-bucket/candy.zip saved as '/mnt/candy.zip' (130412988 bytes in 11.6 seconds, 10.70 MB/s)
==========================
Sun Apr 26 18:46:32 PDT 2015
File s3://stochss-ap-southeast-2-bucket/candy.zip saved as '/mnt/candy.zip' (130412988 bytes in 11.7 seconds, 10.65 MB/s)
==========================
Sun Apr 26 18:51:31 PDT 2015
File s3://stochss-ap-southeast-2-bucket/candy.zip saved as '/mnt/candy.zip' (130412988 bytes in 12.7 seconds, 9.77 MB/s)
==========================
Sun Apr 26 18:56:15 PDT 2015
File s3://stochss-ap-southeast-2-bucket/candy.zip saved as '/mnt/candy.zip' (130412988 bytes in 12.5 seconds, 9.98 MB/s)
==========================
Sun Apr 26 19:01:34 PDT 2015
File s3://stochss-ap-southeast-2-bucket/candy.zip saved as '/mnt/candy.zip' (130412988 bytes in 16.1 seconds, 7.74 MB/s)
==========================
Sun Apr 26 19:06:30 PDT 2015
File s3://stochss-ap-southeast-2-bucket/candy.zip saved as '/mnt/candy.zip' (130412988 bytes in 11.6 seconds, 10.73 MB/s)
==========================
Sun Apr 26 19:11:17 PDT 2015
File s3://stochss-ap-southeast-2-bucket/candy.zip saved as '/mnt/candy.zip' (130412988 bytes in 11.8 seconds, 10.57 MB/s)
==========================
Sun Apr 26 19:16:15 PDT 2015
File s3://stochss-ap-southeast-2-bucket/candy.zip saved as '/mnt/candy.zip' (130412988 bytes in 17.4 seconds, 7.15 MB/s)
==========================
Sun Apr 26 19:21:41 PDT 2015
File s3://stochss-ap-southeast-2-bucket/candy.zip saved as '/mnt/candy.zip' (130412988 bytes in 12.0 seconds, 10.34 MB/s)
==========================
Sun Apr 26 19:26:19 PDT 2015
File s3://stochss-ap-southeast-2-bucket/candy.zip saved as '/mnt/candy.zip' (130412988 bytes in 12.4 seconds, 10.03 MB/s)
==========================
Sun Apr 26 19:31:34 PDT 2015
File s3://stochss-ap-southeast-2-bucket/candy.zip saved as '/mnt/candy.zip' (130412988 bytes in 12.5 seconds, 9.93 MB/s)
==========================
Sun Apr 26 19:36:19 PDT 2015
File s3://stochss-ap-southeast-2-bucket/candy.zip saved as '/mnt/candy.zip' (130412988 bytes in 12.3 seconds, 10.13 MB/s)
==========================
Sun Apr 26 19:41:16 PDT 2015
File s3://stochss-ap-southeast-2-bucket/candy.zip saved as '/mnt/candy.zip' (130412988 bytes in 11.7 seconds, 10.67 MB/s)
==========================
Sun Apr 26 19:46:33 PDT 2015
File s3://stochss-ap-southeast-2-bucket/candy.zip saved as '/mnt/candy.zip' (130412988 bytes in 12.3 seconds, 10.08 MB/s)
==========================
Sun Apr 26 19:51:34 PDT 2015
File s3://stochss-ap-southeast-2-bucket/candy.zip saved as '/mnt/candy.zip' (130412988 bytes in 19.2 seconds, 6.46 MB/s)
==========================
Sun Apr 26 19:56:31 PDT 2015
File s3://stochss-ap-southeast-2-bucket/candy.zip saved as '/mnt/candy.zip' (130412988 bytes in 28.1 seconds, 4.43 MB/s)
==========================
Sun Apr 26 20:01:35 PDT 2015
File s3://stochss-ap-southeast-2-bucket/candy.zip saved as '/mnt/candy.zip' (130412988 bytes in 12.5 seconds, 9.92 MB/s)
==========================
Sun Apr 26 20:06:33 PDT 2015
File s3://stochss-ap-southeast-2-bucket/candy.zip saved as '/mnt/candy.zip' (130412988 bytes in 13.3 seconds, 9.37 MB/s)
==========================
Sun Apr 26 20:11:19 PDT 2015
File s3://stochss-ap-southeast-2-bucket/candy.zip saved as '/mnt/candy.zip' (130412988 bytes in 12.6 seconds, 9.87 MB/s)
==========================
Sun Apr 26 20:17:01 PDT 2015
File s3://stochss-ap-southeast-2-bucket/candy.zip saved as '/mnt/candy.zip' (130412988 bytes in 12.7 seconds, 9.82 MB/s)
==========================
Sun Apr 26 20:21:27 PDT 2015
File s3://stochss-ap-southeast-2-bucket/candy.zip saved as '/mnt/candy.zip' (130412988 bytes in 42.6 seconds, 2.92 MB/s)
==========================
Sun Apr 26 20:26:19 PDT 2015
File s3://stochss-ap-southeast-2-bucket/candy.zip saved as '/mnt/candy.zip' (130412988 bytes in 12.5 seconds, 9.91 MB/s)
==========================
Sun Apr 26 20:31:30 PDT 2015
File s3://stochss-ap-southeast-2-bucket/candy.zip saved as '/mnt/candy.zip' (130412988 bytes in 11.7 seconds, 10.60 MB/s)
==========================
Sun Apr 26 20:36:32 PDT 2015
File s3://stochss-ap-southeast-2-bucket/candy.zip saved as '/mnt/candy.zip' (130412988 bytes in 11.2 seconds, 11.10 MB/s)
==========================
Sun Apr 26 20:41:29 PDT 2015
File s3://stochss-ap-southeast-2-bucket/candy.zip saved as '/mnt/candy.zip' (130412988 bytes in 38.2 seconds, 3.25 MB/s)
==========================
Sun Apr 26 20:46:28 PDT 2015
File s3://stochss-ap-southeast-2-bucket/candy.zip saved as '/mnt/candy.zip' (130412988 bytes in 13.1 seconds, 9.49 MB/s)
==========================
Sun Apr 26 20:51:32 PDT 2015
File s3://stochss-ap-southeast-2-bucket/candy.zip saved as '/mnt/candy.zip' (130412988 bytes in 28.5 seconds, 4.37 MB/s)
==========================
Sun Apr 26 20:56:22 PDT 2015
File s3://stochss-ap-southeast-2-bucket/candy.zip saved as '/mnt/candy.zip' (130412988 bytes in 20.1 seconds, 6.18 MB/s)
==========================
Sun Apr 26 21:01:22 PDT 2015
File s3://stochss-ap-southeast-2-bucket/candy.zip saved as '/mnt/candy.zip' (130412988 bytes in 37.0 seconds, 3.36 MB/s)
==========================
Sun Apr 26 21:06:24 PDT 2015
File s3://stochss-ap-southeast-2-bucket/candy.zip saved as '/mnt/candy.zip' (130412988 bytes in 17.4 seconds, 7.13 MB/s)
==========================
Sun Apr 26 21:11:22 PDT 2015
File s3://stochss-ap-southeast-2-bucket/candy.zip saved as '/mnt/candy.zip' (130412988 bytes in 13.0 seconds, 9.59 MB/s)
==========================
Sun Apr 26 21:16:19 PDT 2015
File s3://stochss-ap-southeast-2-bucket/candy.zip saved as '/mnt/candy.zip' (130412988 bytes in 12.1 seconds, 10.27 MB/s)
==========================
Sun Apr 26 21:21:19 PDT 2015
File s3://stochss-ap-southeast-2-bucket/candy.zip saved as '/mnt/candy.zip' (130412988 bytes in 12.6 seconds, 9.86 MB/s)
==========================
Sun Apr 26 21:26:28 PDT 2015
File s3://stochss-ap-southeast-2-bucket/candy.zip saved as '/mnt/candy.zip' (130412988 bytes in 12.7 seconds, 9.79 MB/s)
==========================
Sun Apr 26 21:31:26 PDT 2015
File s3://stochss-ap-southeast-2-bucket/candy.zip saved as '/mnt/candy.zip' (130412988 bytes in 12.6 seconds, 9.87 MB/s)
==========================
Sun Apr 26 21:36:23 PDT 2015
File s3://stochss-ap-southeast-2-bucket/candy.zip saved as '/mnt/candy.zip' (130412988 bytes in 59.2 seconds, 2.10 MB/s)
==========================
Sun Apr 26 21:41:15 PDT 2015
File s3://stochss-ap-southeast-2-bucket/candy.zip saved as '/mnt/candy.zip' (130412988 bytes in 12.5 seconds, 9.92 MB/s)
==========================
Sun Apr 26 21:46:31 PDT 2015
File s3://stochss-ap-southeast-2-bucket/candy.zip saved as '/mnt/candy.zip' (130412988 bytes in 12.3 seconds, 10.12 MB/s)
==========================
Sun Apr 26 21:51:27 PDT 2015
File s3://stochss-ap-southeast-2-bucket/candy.zip saved as '/mnt/candy.zip' (130412988 bytes in 19.4 seconds, 6.42 MB/s)
==========================
Sun Apr 26 21:56:22 PDT 2015
File s3://stochss-ap-southeast-2-bucket/candy.zip saved as '/mnt/candy.zip' (130412988 bytes in 12.2 seconds, 10.20 MB/s)
==========================
Sun Apr 26 22:01:14 PDT 2015
File s3://stochss-ap-southeast-2-bucket/candy.zip saved as '/mnt/candy.zip' (130412988 bytes in 12.5 seconds, 9.93 MB/s)
==========================
Sun Apr 26 22:06:18 PDT 2015
File s3://stochss-ap-southeast-2-bucket/candy.zip saved as '/mnt/candy.zip' (130412988 bytes in 19.1 seconds, 6.51 MB/s)
==========================
Sun Apr 26 22:11:31 PDT 2015
File s3://stochss-ap-southeast-2-bucket/candy.zip saved as '/mnt/candy.zip' (130412988 bytes in 12.4 seconds, 10.02 MB/s)
==========================
Sun Apr 26 22:16:32 PDT 2015
File s3://stochss-ap-southeast-2-bucket/candy.zip saved as '/mnt/candy.zip' (130412988 bytes in 12.1 seconds, 10.30 MB/s)
==========================
Sun Apr 26 22:21:31 PDT 2015
File s3://stochss-ap-southeast-2-bucket/candy.zip saved as '/mnt/candy.zip' (130412988 bytes in 12.7 seconds, 9.80 MB/s)
==========================
Sun Apr 26 22:26:18 PDT 2015
File s3://stochss-ap-southeast-2-bucket/candy.zip saved as '/mnt/candy.zip' (130412988 bytes in 12.5 seconds, 9.97 MB/s)
==========================
Sun Apr 26 22:31:35 PDT 2015
File s3://stochss-ap-southeast-2-bucket/candy.zip saved as '/mnt/candy.zip' (130412988 bytes in 12.5 seconds, 9.96 MB/s)
==========================
Sun Apr 26 22:36:20 PDT 2015
File s3://stochss-ap-southeast-2-bucket/candy.zip saved as '/mnt/candy.zip' (130412988 bytes in 11.8 seconds, 10.52 MB/s)
==========================
Sun Apr 26 22:41:31 PDT 2015
File s3://stochss-ap-southeast-2-bucket/candy.zip saved as '/mnt/candy.zip' (130412988 bytes in 12.9 seconds, 9.67 MB/s)
==========================
Sun Apr 26 22:46:24 PDT 2015
File s3://stochss-ap-southeast-2-bucket/candy.zip saved as '/mnt/candy.zip' (130412988 bytes in 12.8 seconds, 9.75 MB/s)
==========================
Sun Apr 26 22:51:31 PDT 2015
File s3://stochss-ap-southeast-2-bucket/candy.zip saved as '/mnt/candy.zip' (130412988 bytes in 15.8 seconds, 7.85 MB/s)
==========================
Sun Apr 26 22:56:22 PDT 2015
File s3://stochss-ap-southeast-2-bucket/candy.zip saved as '/mnt/candy.zip' (130412988 bytes in 18.3 seconds, 6.79 MB/s)
==========================
Sun Apr 26 23:01:29 PDT 2015
File s3://stochss-ap-southeast-2-bucket/candy.zip saved as '/mnt/candy.zip' (130412988 bytes in 18.2 seconds, 6.82 MB/s)
==========================
Sun Apr 26 23:06:18 PDT 2015
File s3://stochss-ap-southeast-2-bucket/candy.zip saved as '/mnt/candy.zip' (130412988 bytes in 13.1 seconds, 9.46 MB/s)
==========================
Sun Apr 26 23:11:24 PDT 2015
File s3://stochss-ap-southeast-2-bucket/candy.zip saved as '/mnt/candy.zip' (130412988 bytes in 12.4 seconds, 10.04 MB/s)
==========================
Sun Apr 26 23:16:17 PDT 2015
File s3://stochss-ap-southeast-2-bucket/candy.zip saved as '/mnt/candy.zip' (130412988 bytes in 11.9 seconds, 10.49 MB/s)
==========================
Sun Apr 26 23:21:29 PDT 2015
File s3://stochss-ap-southeast-2-bucket/candy.zip saved as '/mnt/candy.zip' (130412988 bytes in 11.9 seconds, 10.45 MB/s)
==========================
Sun Apr 26 23:26:26 PDT 2015
File s3://stochss-ap-southeast-2-bucket/candy.zip saved as '/mnt/candy.zip' (130412988 bytes in 17.2 seconds, 7.24 MB/s)
==========================
Sun Apr 26 23:31:31 PDT 2015
File s3://stochss-ap-southeast-2-bucket/candy.zip saved as '/mnt/candy.zip' (130412988 bytes in 12.4 seconds, 10.06 MB/s)
==========================
Sun Apr 26 23:36:24 PDT 2015
File s3://stochss-ap-southeast-2-bucket/candy.zip saved as '/mnt/candy.zip' (130412988 bytes in 28.9 seconds, 4.31 MB/s)
==========================
Sun Apr 26 23:41:15 PDT 2015
File s3://stochss-ap-southeast-2-bucket/candy.zip saved as '/mnt/candy.zip' (130412988 bytes in 16.7 seconds, 7.45 MB/s)
==========================
Sun Apr 26 23:46:30 PDT 2015
File s3://stochss-ap-southeast-2-bucket/candy.zip saved as '/mnt/candy.zip' (130412988 bytes in 42.2 seconds, 2.95 MB/s)
==========================
Sun Apr 26 23:51:17 PDT 2015
File s3://stochss-ap-southeast-2-bucket/candy.zip saved as '/mnt/candy.zip' (130412988 bytes in 13.0 seconds, 9.56 MB/s)
==========================
Sun Apr 26 23:56:19 PDT 2015
File s3://stochss-ap-southeast-2-bucket/candy.zip saved as '/mnt/candy.zip' (130412988 bytes in 12.7 seconds, 9.82 MB/s)
==========================
Mon Apr 27 00:01:13 PDT 2015
File s3://stochss-ap-southeast-2-bucket/candy.zip saved as '/mnt/candy.zip' (130412988 bytes in 13.6 seconds, 9.12 MB/s)
==========================
Mon Apr 27 00:06:17 PDT 2015
File s3://stochss-ap-southeast-2-bucket/candy.zip saved as '/mnt/candy.zip' (130412988 bytes in 11.9 seconds, 10.45 MB/s)
==========================
Mon Apr 27 00:11:24 PDT 2015
File s3://stochss-ap-southeast-2-bucket/candy.zip saved as '/mnt/candy.zip' (130412988 bytes in 26.8 seconds, 4.64 MB/s)
==========================
Mon Apr 27 00:16:29 PDT 2015
File s3://stochss-ap-southeast-2-bucket/candy.zip saved as '/mnt/candy.zip' (130412988 bytes in 13.2 seconds, 9.42 MB/s)
==========================
Mon Apr 27 00:21:17 PDT 2015
File s3://stochss-ap-southeast-2-bucket/candy.zip saved as '/mnt/candy.zip' (130412988 bytes in 82.3 seconds, 1546.77 kB/s)
==========================
Mon Apr 27 00:26:20 PDT 2015
File s3://stochss-ap-southeast-2-bucket/candy.zip saved as '/mnt/candy.zip' (130412988 bytes in 12.9 seconds, 9.67 MB/s)
==========================
Mon Apr 27 00:31:18 PDT 2015
File s3://stochss-ap-southeast-2-bucket/candy.zip saved as '/mnt/candy.zip' (130412988 bytes in 12.7 seconds, 9.82 MB/s)
==========================
Mon Apr 27 00:36:30 PDT 2015
File s3://stochss-ap-southeast-2-bucket/candy.zip saved as '/mnt/candy.zip' (130412988 bytes in 12.2 seconds, 10.19 MB/s)
==========================
Mon Apr 27 00:41:18 PDT 2015
File s3://stochss-ap-southeast-2-bucket/candy.zip saved as '/mnt/candy.zip' (130412988 bytes in 102.0 seconds, 1248.82 kB/s)
==========================
Mon Apr 27 00:46:32 PDT 2015
File s3://stochss-ap-southeast-2-bucket/candy.zip saved as '/mnt/candy.zip' (130412988 bytes in 12.8 seconds, 9.73 MB/s)
==========================
Mon Apr 27 00:51:16 PDT 2015
File s3://stochss-ap-southeast-2-bucket/candy.zip saved as '/mnt/candy.zip' (130412988 bytes in 12.4 seconds, 10.01 MB/s)
==========================
Mon Apr 27 00:56:15 PDT 2015
File s3://stochss-ap-southeast-2-bucket/candy.zip saved as '/mnt/candy.zip' (130412988 bytes in 65.6 seconds, 1942.64 kB/s)
==========================
Mon Apr 27 01:01:19 PDT 2015
File s3://stochss-ap-southeast-2-bucket/candy.zip saved as '/mnt/candy.zip' (130412988 bytes in 16.6 seconds, 7.49 MB/s)
==========================
Mon Apr 27 01:06:30 PDT 2015
File s3://stochss-ap-southeast-2-bucket/candy.zip saved as '/mnt/candy.zip' (130412988 bytes in 20.1 seconds, 6.18 MB/s)
==========================
Mon Apr 27 01:11:25 PDT 2015
File s3://stochss-ap-southeast-2-bucket/candy.zip saved as '/mnt/candy.zip' (130412988 bytes in 82.6 seconds, 1542.59 kB/s)
==========================
Mon Apr 27 01:16:16 PDT 2015
File s3://stochss-ap-southeast-2-bucket/candy.zip saved as '/mnt/candy.zip' (130412988 bytes in 12.9 seconds, 9.67 MB/s)
==========================
Mon Apr 27 01:21:26 PDT 2015
File s3://stochss-ap-southeast-2-bucket/candy.zip saved as '/mnt/candy.zip' (130412988 bytes in 12.6 seconds, 9.90 MB/s)
==========================
Mon Apr 27 01:26:17 PDT 2015
File s3://stochss-ap-southeast-2-bucket/candy.zip saved as '/mnt/candy.zip' (130412988 bytes in 11.9 seconds, 10.46 MB/s)
==========================
Mon Apr 27 01:31:17 PDT 2015
File s3://stochss-ap-southeast-2-bucket/candy.zip saved as '/mnt/candy.zip' (130412988 bytes in 13.4 seconds, 9.29 MB/s)
==========================
Mon Apr 27 01:36:25 PDT 2015
File s3://stochss-ap-southeast-2-bucket/candy.zip saved as '/mnt/candy.zip' (130412988 bytes in 12.5 seconds, 9.99 MB/s)
==========================
Mon Apr 27 01:41:18 PDT 2015
File s3://stochss-ap-southeast-2-bucket/candy.zip saved as '/mnt/candy.zip' (130412988 bytes in 12.7 seconds, 9.81 MB/s)
==========================
Mon Apr 27 01:46:20 PDT 2015
File s3://stochss-ap-southeast-2-bucket/candy.zip saved as '/mnt/candy.zip' (130412988 bytes in 12.8 seconds, 9.73 MB/s)
==========================
Mon Apr 27 01:51:26 PDT 2015
File s3://stochss-ap-southeast-2-bucket/candy.zip saved as '/mnt/candy.zip' (130412988 bytes in 51.9 seconds, 2.40 MB/s)
==========================
Mon Apr 27 01:56:25 PDT 2015
File s3://stochss-ap-southeast-2-bucket/candy.zip saved as '/mnt/candy.zip' (130412988 bytes in 12.0 seconds, 10.32 MB/s)
==========================
Mon Apr 27 02:01:30 PDT 2015
File s3://stochss-ap-southeast-2-bucket/candy.zip saved as '/mnt/candy.zip' (130412988 bytes in 15.0 seconds, 8.27 MB/s)
==========================
Mon Apr 27 02:06:39 PDT 2015
File s3://stochss-ap-southeast-2-bucket/candy.zip saved as '/mnt/candy.zip' (130412988 bytes in 69.9 seconds, 1822.02 kB/s)
==========================
Mon Apr 27 02:11:20 PDT 2015
File s3://stochss-ap-southeast-2-bucket/candy.zip saved as '/mnt/candy.zip' (130412988 bytes in 12.5 seconds, 9.95 MB/s)
==========================
Mon Apr 27 02:16:24 PDT 2015
File s3://stochss-ap-southeast-2-bucket/candy.zip saved as '/mnt/candy.zip' (130412988 bytes in 12.9 seconds, 9.63 MB/s)
==========================
Mon Apr 27 02:21:31 PDT 2015
File s3://stochss-ap-southeast-2-bucket/candy.zip saved as '/mnt/candy.zip' (130412988 bytes in 28.3 seconds, 4.39 MB/s)
==========================
Mon Apr 27 02:26:17 PDT 2015
File s3://stochss-ap-southeast-2-bucket/candy.zip saved as '/mnt/candy.zip' (130412988 bytes in 11.9 seconds, 10.46 MB/s)
==========================
Mon Apr 27 02:31:18 PDT 2015
File s3://stochss-ap-southeast-2-bucket/candy.zip saved as '/mnt/candy.zip' (130412988 bytes in 13.1 seconds, 9.47 MB/s)
==========================
Mon Apr 27 02:36:20 PDT 2015
File s3://stochss-ap-southeast-2-bucket/candy.zip saved as '/mnt/candy.zip' (130412988 bytes in 21.6 seconds, 5.75 MB/s)
==========================
Mon Apr 27 02:41:30 PDT 2015
File s3://stochss-ap-southeast-2-bucket/candy.zip saved as '/mnt/candy.zip' (130412988 bytes in 13.0 seconds, 9.55 MB/s)
==========================
Mon Apr 27 02:46:30 PDT 2015
File s3://stochss-ap-southeast-2-bucket/candy.zip saved as '/mnt/candy.zip' (130412988 bytes in 12.9 seconds, 9.61 MB/s)
==========================
Mon Apr 27 02:51:15 PDT 2015
File s3://stochss-ap-southeast-2-bucket/candy.zip saved as '/mnt/candy.zip' (130412988 bytes in 29.9 seconds, 4.16 MB/s)
==========================
Mon Apr 27 02:56:31 PDT 2015
File s3://stochss-ap-southeast-2-bucket/candy.zip saved as '/mnt/candy.zip' (130412988 bytes in 140.9 seconds, 904.10 kB/s)
==========================
Mon Apr 27 03:01:20 PDT 2015
File s3://stochss-ap-southeast-2-bucket/candy.zip saved as '/mnt/candy.zip' (130412988 bytes in 12.1 seconds, 10.29 MB/s)
==========================
Mon Apr 27 03:06:14 PDT 2015
File s3://stochss-ap-southeast-2-bucket/candy.zip saved as '/mnt/candy.zip' (130412988 bytes in 34.1 seconds, 3.65 MB/s)
==========================
Mon Apr 27 03:11:29 PDT 2015
File s3://stochss-ap-southeast-2-bucket/candy.zip saved as '/mnt/candy.zip' (130412988 bytes in 12.7 seconds, 9.82 MB/s)
==========================
Mon Apr 27 03:16:24 PDT 2015
File s3://stochss-ap-southeast-2-bucket/candy.zip saved as '/mnt/candy.zip' (130412988 bytes in 13.5 seconds, 9.22 MB/s)
==========================
Mon Apr 27 03:21:30 PDT 2015
File s3://stochss-ap-southeast-2-bucket/candy.zip saved as '/mnt/candy.zip' (130412988 bytes in 13.3 seconds, 9.38 MB/s)
==========================
Mon Apr 27 03:26:24 PDT 2015
File s3://stochss-ap-southeast-2-bucket/candy.zip saved as '/mnt/candy.zip' (130412988 bytes in 12.6 seconds, 9.89 MB/s)
==========================
Mon Apr 27 03:31:18 PDT 2015
File s3://stochss-ap-southeast-2-bucket/candy.zip saved as '/mnt/candy.zip' (130412988 bytes in 12.5 seconds, 9.96 MB/s)
==========================
Mon Apr 27 03:36:19 PDT 2015
File s3://stochss-ap-southeast-2-bucket/candy.zip saved as '/mnt/candy.zip' (130412988 bytes in 13.2 seconds, 9.40 MB/s)
==========================
Mon Apr 27 03:41:31 PDT 2015
File s3://stochss-ap-southeast-2-bucket/candy.zip saved as '/mnt/candy.zip' (130412988 bytes in 13.1 seconds, 9.48 MB/s)
==========================
Mon Apr 27 03:46:14 PDT 2015
File s3://stochss-ap-southeast-2-bucket/candy.zip saved as '/mnt/candy.zip' (130412988 bytes in 11.9 seconds, 10.42 MB/s)
==========================
Mon Apr 27 03:51:17 PDT 2015
File s3://stochss-ap-southeast-2-bucket/candy.zip saved as '/mnt/candy.zip' (130412988 bytes in 12.4 seconds, 10.06 MB/s)
==========================
Mon Apr 27 03:56:29 PDT 2015
File s3://stochss-ap-southeast-2-bucket/candy.zip saved as '/mnt/candy.zip' (130412988 bytes in 12.1 seconds, 10.28 MB/s)
==========================
Mon Apr 27 04:02:16 PDT 2015
File s3://stochss-ap-southeast-2-bucket/candy.zip saved as '/mnt/candy.zip' (130412988 bytes in 12.2 seconds, 10.22 MB/s)
==========================
Mon Apr 27 04:06:14 PDT 2015
File s3://stochss-ap-southeast-2-bucket/candy.zip saved as '/mnt/candy.zip' (130412988 bytes in 12.4 seconds, 10.06 MB/s)
==========================
Mon Apr 27 04:11:38 PDT 2015
File s3://stochss-ap-southeast-2-bucket/candy.zip saved as '/mnt/candy.zip' (130412988 bytes in 31.7 seconds, 3.92 MB/s)
==========================
Mon Apr 27 04:16:26 PDT 2015
File s3://stochss-ap-southeast-2-bucket/candy.zip saved as '/mnt/candy.zip' (130412988 bytes in 12.9 seconds, 9.62 MB/s)
==========================
Mon Apr 27 04:21:16 PDT 2015
File s3://stochss-ap-southeast-2-bucket/candy.zip saved as '/mnt/candy.zip' (130412988 bytes in 12.5 seconds, 9.98 MB/s)
==========================
Mon Apr 27 04:26:26 PDT 2015
File s3://stochss-ap-southeast-2-bucket/candy.zip saved as '/mnt/candy.zip' (130412988 bytes in 13.4 seconds, 9.29 MB/s)
==========================
Mon Apr 27 04:31:17 PDT 2015
File s3://stochss-ap-southeast-2-bucket/candy.zip saved as '/mnt/candy.zip' (130412988 bytes in 12.1 seconds, 10.25 MB/s)
==========================
Mon Apr 27 04:36:16 PDT 2015
File s3://stochss-ap-southeast-2-bucket/candy.zip saved as '/mnt/candy.zip' (130412988 bytes in 15.5 seconds, 8.04 MB/s)
==========================
Mon Apr 27 04:41:37 PDT 2015
File s3://stochss-ap-southeast-2-bucket/candy.zip saved as '/mnt/candy.zip' (130412988 bytes in 12.7 seconds, 9.81 MB/s)
==========================
Mon Apr 27 04:46:23 PDT 2015
File s3://stochss-ap-southeast-2-bucket/candy.zip saved as '/mnt/candy.zip' (130412988 bytes in 12.4 seconds, 10.05 MB/s)
==========================
Mon Apr 27 04:51:30 PDT 2015
File s3://stochss-ap-southeast-2-bucket/candy.zip saved as '/mnt/candy.zip' (130412988 bytes in 12.3 seconds, 10.12 MB/s)
==========================
Mon Apr 27 04:56:24 PDT 2015
File s3://stochss-ap-southeast-2-bucket/candy.zip saved as '/mnt/candy.zip' (130412988 bytes in 12.4 seconds, 10.06 MB/s)
==========================
Mon Apr 27 05:01:26 PDT 2015
File s3://stochss-ap-southeast-2-bucket/candy.zip saved as '/mnt/candy.zip' (130412988 bytes in 11.8 seconds, 10.55 MB/s)
==========================
Mon Apr 27 05:06:40 PDT 2015
File s3://stochss-ap-southeast-2-bucket/candy.zip saved as '/mnt/candy.zip' (130412988 bytes in 12.4 seconds, 10.06 MB/s)
==========================
Mon Apr 27 05:11:16 PDT 2015
File s3://stochss-ap-southeast-2-bucket/candy.zip saved as '/mnt/candy.zip' (130412988 bytes in 12.3 seconds, 10.08 MB/s)
==========================
Mon Apr 27 05:16:33 PDT 2015
File s3://stochss-ap-southeast-2-bucket/candy.zip saved as '/mnt/candy.zip' (130412988 bytes in 13.3 seconds, 9.38 MB/s)
==========================
Mon Apr 27 05:21:31 PDT 2015
File s3://stochss-ap-southeast-2-bucket/candy.zip saved as '/mnt/candy.zip' (130412988 bytes in 12.8 seconds, 9.72 MB/s)
==========================
Mon Apr 27 05:26:27 PDT 2015
File s3://stochss-ap-southeast-2-bucket/candy.zip saved as '/mnt/candy.zip' (130412988 bytes in 12.1 seconds, 10.32 MB/s)
==========================
Mon Apr 27 05:31:32 PDT 2015
File s3://stochss-ap-southeast-2-bucket/candy.zip saved as '/mnt/candy.zip' (130412988 bytes in 12.4 seconds, 10.03 MB/s)
==========================
Mon Apr 27 05:36:22 PDT 2015
File s3://stochss-ap-southeast-2-bucket/candy.zip saved as '/mnt/candy.zip' (130412988 bytes in 12.5 seconds, 9.92 MB/s)
==========================
Mon Apr 27 05:41:19 PDT 2015
File s3://stochss-ap-southeast-2-bucket/candy.zip saved as '/mnt/candy.zip' (130412988 bytes in 12.8 seconds, 9.68 MB/s)
==========================
Mon Apr 27 05:46:14 PDT 2015
File s3://stochss-ap-southeast-2-bucket/candy.zip saved as '/mnt/candy.zip' (130412988 bytes in 14.2 seconds, 8.73 MB/s)
==========================
Mon Apr 27 05:51:24 PDT 2015
File s3://stochss-ap-southeast-2-bucket/candy.zip saved as '/mnt/candy.zip' (130412988 bytes in 12.5 seconds, 9.93 MB/s)
==========================
Mon Apr 27 05:56:30 PDT 2015
File s3://stochss-ap-southeast-2-bucket/candy.zip saved as '/mnt/candy.zip' (130412988 bytes in 13.3 seconds, 9.35 MB/s)
==========================
Mon Apr 27 06:01:30 PDT 2015
File s3://stochss-ap-southeast-2-bucket/candy.zip saved as '/mnt/candy.zip' (130412988 bytes in 12.5 seconds, 9.93 MB/s)
==========================
Mon Apr 27 06:06:33 PDT 2015
File s3://stochss-ap-southeast-2-bucket/candy.zip saved as '/mnt/candy.zip' (130412988 bytes in 12.3 seconds, 10.08 MB/s)
==========================
Mon Apr 27 06:11:16 PDT 2015
File s3://stochss-ap-southeast-2-bucket/candy.zip saved as '/mnt/candy.zip' (130412988 bytes in 12.3 seconds, 10.14 MB/s)
==========================
Mon Apr 27 06:16:16 PDT 2015
File s3://stochss-ap-southeast-2-bucket/candy.zip saved as '/mnt/candy.zip' (130412988 bytes in 12.6 seconds, 9.89 MB/s)
==========================
Mon Apr 27 06:21:18 PDT 2015
File s3://stochss-ap-southeast-2-bucket/candy.zip saved as '/mnt/candy.zip' (130412988 bytes in 12.3 seconds, 10.10 MB/s)
==========================
Mon Apr 27 06:26:28 PDT 2015
File s3://stochss-ap-southeast-2-bucket/candy.zip saved as '/mnt/candy.zip' (130412988 bytes in 12.6 seconds, 9.86 MB/s)
==========================
Mon Apr 27 06:31:33 PDT 2015
File s3://stochss-ap-southeast-2-bucket/candy.zip saved as '/mnt/candy.zip' (130412988 bytes in 12.9 seconds, 9.63 MB/s)
==========================
Mon Apr 27 06:36:30 PDT 2015
File s3://stochss-ap-southeast-2-bucket/candy.zip saved as '/mnt/candy.zip' (130412988 bytes in 12.2 seconds, 10.15 MB/s)
==========================
Mon Apr 27 06:41:15 PDT 2015
File s3://stochss-ap-southeast-2-bucket/candy.zip saved as '/mnt/candy.zip' (130412988 bytes in 14.7 seconds, 8.44 MB/s)
==========================
Mon Apr 27 06:46:15 PDT 2015
File s3://stochss-ap-southeast-2-bucket/candy.zip saved as '/mnt/candy.zip' (130412988 bytes in 13.0 seconds, 9.59 MB/s)
==========================
Mon Apr 27 06:51:16 PDT 2015
File s3://stochss-ap-southeast-2-bucket/candy.zip saved as '/mnt/candy.zip' (130412988 bytes in 12.9 seconds, 9.67 MB/s)
==========================
Mon Apr 27 06:56:28 PDT 2015
File s3://stochss-ap-southeast-2-bucket/candy.zip saved as '/mnt/candy.zip' (130412988 bytes in 13.0 seconds, 9.56 MB/s)
==========================
Mon Apr 27 07:01:11 PDT 2015
File s3://stochss-ap-southeast-2-bucket/candy.zip saved as '/mnt/candy.zip' (130412988 bytes in 11.3 seconds, 11.00 MB/s)
==========================
Mon Apr 27 07:06:16 PDT 2015
File s3://stochss-ap-southeast-2-bucket/candy.zip saved as '/mnt/candy.zip' (130412988 bytes in 19.1 seconds, 6.51 MB/s)
==========================
Mon Apr 27 07:11:28 PDT 2015
File s3://stochss-ap-southeast-2-bucket/candy.zip saved as '/mnt/candy.zip' (130412988 bytes in 62.3 seconds, 2042.98 kB/s)
==========================
Mon Apr 27 07:16:33 PDT 2015
File s3://stochss-ap-southeast-2-bucket/candy.zip saved as '/mnt/candy.zip' (130412988 bytes in 11.6 seconds, 10.69 MB/s)
==========================
Mon Apr 27 07:22:01 PDT 2015
File s3://stochss-ap-southeast-2-bucket/candy.zip saved as '/mnt/candy.zip' (130412988 bytes in 18.3 seconds, 6.81 MB/s)
==========================
Mon Apr 27 07:26:27 PDT 2015
File s3://stochss-ap-southeast-2-bucket/candy.zip saved as '/mnt/candy.zip' (130412988 bytes in 12.0 seconds, 10.40 MB/s)
==========================
Mon Apr 27 07:31:29 PDT 2015
File s3://stochss-ap-southeast-2-bucket/candy.zip saved as '/mnt/candy.zip' (130412988 bytes in 12.9 seconds, 9.66 MB/s)
==========================
Mon Apr 27 07:37:21 PDT 2015
File s3://stochss-ap-southeast-2-bucket/candy.zip saved as '/mnt/candy.zip' (130412988 bytes in 11.9 seconds, 10.43 MB/s)
==========================
Mon Apr 27 07:41:27 PDT 2015
File s3://stochss-ap-southeast-2-bucket/candy.zip saved as '/mnt/candy.zip' (130412988 bytes in 95.0 seconds, 1340.47 kB/s)
==========================
Mon Apr 27 07:46:30 PDT 2015
File s3://stochss-ap-southeast-2-bucket/candy.zip saved as '/mnt/candy.zip' (130412988 bytes in 62.8 seconds, 2028.87 kB/s)
==========================
Mon Apr 27 07:51:47 PDT 2015
File s3://stochss-ap-southeast-2-bucket/candy.zip saved as '/mnt/candy.zip' (130412988 bytes in 12.7 seconds, 9.79 MB/s)
==========================
Mon Apr 27 07:56:31 PDT 2015
File s3://stochss-ap-southeast-2-bucket/candy.zip saved as '/mnt/candy.zip' (130412988 bytes in 12.5 seconds, 9.95 MB/s)
==========================
Mon Apr 27 08:01:39 PDT 2015
File s3://stochss-ap-southeast-2-bucket/candy.zip saved as '/mnt/candy.zip' (130412988 bytes in 25.2 seconds, 4.94 MB/s)
==========================
Mon Apr 27 08:06:52 PDT 2015
File s3://stochss-ap-southeast-2-bucket/candy.zip saved as '/mnt/candy.zip' (130412988 bytes in 84.0 seconds, 1516.74 kB/s)
==========================
Mon Apr 27 08:11:34 PDT 2015
File s3://stochss-ap-southeast-2-bucket/candy.zip saved as '/mnt/candy.zip' (130412988 bytes in 19.4 seconds, 6.42 MB/s)
==========================
Mon Apr 27 08:16:24 PDT 2015
File s3://stochss-ap-southeast-2-bucket/candy.zip saved as '/mnt/candy.zip' (130412988 bytes in 12.4 seconds, 10.06 MB/s)
==========================
Mon Apr 27 08:21:28 PDT 2015
File s3://stochss-ap-southeast-2-bucket/candy.zip saved as '/mnt/candy.zip' (130412988 bytes in 12.8 seconds, 9.70 MB/s)
==========================
Mon Apr 27 08:26:19 PDT 2015
File s3://stochss-ap-southeast-2-bucket/candy.zip saved as '/mnt/candy.zip' (130412988 bytes in 12.0 seconds, 10.33 MB/s)
==========================
Mon Apr 27 08:31:31 PDT 2015
File s3://stochss-ap-southeast-2-bucket/candy.zip saved as '/mnt/candy.zip' (130412988 bytes in 16.1 seconds, 7.73 MB/s)
==========================
Mon Apr 27 08:36:10 PDT 2015
File s3://stochss-ap-southeast-2-bucket/candy.zip saved as '/mnt/candy.zip' (130412988 bytes in 21.6 seconds, 5.75 MB/s)
==========================
Mon Apr 27 08:41:28 PDT 2015
File s3://stochss-ap-southeast-2-bucket/candy.zip saved as '/mnt/candy.zip' (130412988 bytes in 12.9 seconds, 9.66 MB/s)
==========================
Mon Apr 27 08:46:19 PDT 2015
File s3://stochss-ap-southeast-2-bucket/candy.zip saved as '/mnt/candy.zip' (130412988 bytes in 12.8 seconds, 9.71 MB/s)
==========================
Mon Apr 27 08:51:18 PDT 2015
File s3://stochss-ap-southeast-2-bucket/candy.zip saved as '/mnt/candy.zip' (130412988 bytes in 12.9 seconds, 9.67 MB/s)
==========================
Mon Apr 27 08:56:27 PDT 2015
File s3://stochss-ap-southeast-2-bucket/candy.zip saved as '/mnt/candy.zip' (130412988 bytes in 35.1 seconds, 3.54 MB/s)
==========================
Mon Apr 27 09:01:20 PDT 2015
File s3://stochss-ap-southeast-2-bucket/candy.zip saved as '/mnt/candy.zip' (130412988 bytes in 20.5 seconds, 6.07 MB/s)
==========================
Mon Apr 27 09:06:27 PDT 2015
File s3://stochss-ap-southeast-2-bucket/candy.zip saved as '/mnt/candy.zip' (130412988 bytes in 11.9 seconds, 10.42 MB/s)
==========================
Mon Apr 27 09:11:47 PDT 2015
File s3://stochss-ap-southeast-2-bucket/candy.zip saved as '/mnt/candy.zip' (130412988 bytes in 11.9 seconds, 10.42 MB/s)
==========================
Mon Apr 27 09:16:27 PDT 2015
File s3://stochss-ap-southeast-2-bucket/candy.zip saved as '/mnt/candy.zip' (130412988 bytes in 58.7 seconds, 2.12 MB/s)
==========================
Mon Apr 27 09:21:27 PDT 2015
File s3://stochss-ap-southeast-2-bucket/candy.zip saved as '/mnt/candy.zip' (130412988 bytes in 12.9 seconds, 9.62 MB/s)
==========================
Mon Apr 27 09:26:59 PDT 2015
File s3://stochss-ap-southeast-2-bucket/candy.zip saved as '/mnt/candy.zip' (130412988 bytes in 13.8 seconds, 9.02 MB/s)
==========================
Mon Apr 27 09:31:33 PDT 2015
File s3://stochss-ap-southeast-2-bucket/candy.zip saved as '/mnt/candy.zip' (130412988 bytes in 11.8 seconds, 10.51 MB/s)
==========================
Mon Apr 27 09:36:32 PDT 2015
File s3://stochss-ap-southeast-2-bucket/candy.zip saved as '/mnt/candy.zip' (130412988 bytes in 11.4 seconds, 10.87 MB/s)
==========================
Mon Apr 27 09:41:28 PDT 2015
File s3://stochss-ap-southeast-2-bucket/candy.zip saved as '/mnt/candy.zip' (130412988 bytes in 11.8 seconds, 10.57 MB/s)
==========================
Mon Apr 27 09:46:14 PDT 2015
File s3://stochss-ap-southeast-2-bucket/candy.zip saved as '/mnt/candy.zip' (130412988 bytes in 82.0 seconds, 1553.08 kB/s)
==========================
Mon Apr 27 09:51:22 PDT 2015
File s3://stochss-ap-southeast-2-bucket/candy.zip saved as '/mnt/candy.zip' (130412988 bytes in 13.0 seconds, 9.58 MB/s)
==========================
Mon Apr 27 09:56:36 PDT 2015
File s3://stochss-ap-southeast-2-bucket/candy.zip saved as '/mnt/candy.zip' (130412988 bytes in 19.3 seconds, 6.44 MB/s)
==========================
Mon Apr 27 10:01:29 PDT 2015
File s3://stochss-ap-southeast-2-bucket/candy.zip saved as '/mnt/candy.zip' (130412988 bytes in 26.7 seconds, 4.65 MB/s)
==========================
Mon Apr 27 10:06:21 PDT 2015
File s3://stochss-ap-southeast-2-bucket/candy.zip saved as '/mnt/candy.zip' (130412988 bytes in 12.0 seconds, 10.35 MB/s)
==========================
Mon Apr 27 10:11:22 PDT 2015
File s3://stochss-ap-southeast-2-bucket/candy.zip saved as '/mnt/candy.zip' (130412988 bytes in 12.9 seconds, 9.62 MB/s)
==========================
Mon Apr 27 10:16:18 PDT 2015
File s3://stochss-ap-southeast-2-bucket/candy.zip saved as '/mnt/candy.zip' (130412988 bytes in 12.2 seconds, 10.17 MB/s)
==========================
Mon Apr 27 10:21:18 PDT 2015
File s3://stochss-ap-southeast-2-bucket/candy.zip saved as '/mnt/candy.zip' (130412988 bytes in 13.0 seconds, 9.57 MB/s)
==========================
Mon Apr 27 10:26:27 PDT 2015
File s3://stochss-ap-southeast-2-bucket/candy.zip saved as '/mnt/candy.zip' (130412988 bytes in 12.5 seconds, 9.92 MB/s)
==========================
Mon Apr 27 10:31:34 PDT 2015
File s3://stochss-ap-southeast-2-bucket/candy.zip saved as '/mnt/candy.zip' (130412988 bytes in 13.0 seconds, 9.54 MB/s)
==========================
Mon Apr 27 10:36:19 PDT 2015
File s3://stochss-ap-southeast-2-bucket/candy.zip saved as '/mnt/candy.zip' (130412988 bytes in 19.6 seconds, 6.34 MB/s)
==========================
Mon Apr 27 10:41:52 PDT 2015
File s3://stochss-ap-southeast-2-bucket/candy.zip saved as '/mnt/candy.zip' (130412988 bytes in 12.0 seconds, 10.34 MB/s)
==========================
Mon Apr 27 10:46:30 PDT 2015
File s3://stochss-ap-southeast-2-bucket/candy.zip saved as '/mnt/candy.zip' (130412988 bytes in 12.4 seconds, 10.02 MB/s)
==========================
Mon Apr 27 10:51:29 PDT 2015
File s3://stochss-ap-southeast-2-bucket/candy.zip saved as '/mnt/candy.zip' (130412988 bytes in 12.9 seconds, 9.64 MB/s)
==========================
Mon Apr 27 10:56:30 PDT 2015
File s3://stochss-ap-southeast-2-bucket/candy.zip saved as '/mnt/candy.zip' (130412988 bytes in 12.3 seconds, 10.09 MB/s)
==========================
Mon Apr 27 11:01:26 PDT 2015
File s3://stochss-ap-southeast-2-bucket/candy.zip saved as '/mnt/candy.zip' (130412988 bytes in 12.1 seconds, 10.28 MB/s)
==========================
Mon Apr 27 11:06:19 PDT 2015
File s3://stochss-ap-southeast-2-bucket/candy.zip saved as '/mnt/candy.zip' (130412988 bytes in 12.1 seconds, 10.27 MB/s)
==========================
Mon Apr 27 11:11:20 PDT 2015
File s3://stochss-ap-southeast-2-bucket/candy.zip saved as '/mnt/candy.zip' (130412988 bytes in 20.9 seconds, 5.94 MB/s)
==========================
Mon Apr 27 11:16:25 PDT 2015
File s3://stochss-ap-southeast-2-bucket/candy.zip saved as '/mnt/candy.zip' (130412988 bytes in 11.5 seconds, 10.84 MB/s)
==========================
Mon Apr 27 11:21:21 PDT 2015
File s3://stochss-ap-southeast-2-bucket/candy.zip saved as '/mnt/candy.zip' (130412988 bytes in 13.4 seconds, 9.29 MB/s)
==========================
Mon Apr 27 11:26:15 PDT 2015
File s3://stochss-ap-southeast-2-bucket/candy.zip saved as '/mnt/candy.zip' (130412988 bytes in 18.9 seconds, 6.57 MB/s)
==========================
Mon Apr 27 11:31:31 PDT 2015
File s3://stochss-ap-southeast-2-bucket/candy.zip saved as '/mnt/candy.zip' (130412988 bytes in 12.1 seconds, 10.26 MB/s)
==========================
Mon Apr 27 11:36:28 PDT 2015
File s3://stochss-ap-southeast-2-bucket/candy.zip saved as '/mnt/candy.zip' (130412988 bytes in 36.5 seconds, 3.41 MB/s)
==========================
