Sun Apr 26 17:35:16 PDT 2015
File s3://stochss-eu-west-1-bucket/candy.zip saved as '/mnt/candy.zip' (130412988 bytes in 12.6 seconds, 9.85 MB/s)
==========================
Sun Apr 26 17:40:14 PDT 2015
File s3://stochss-eu-west-1-bucket/candy.zip saved as '/mnt/candy.zip' (130412988 bytes in 26.9 seconds, 4.63 MB/s)
==========================
Sun Apr 26 17:45:16 PDT 2015
File s3://stochss-eu-west-1-bucket/candy.zip saved as '/mnt/candy.zip' (130412988 bytes in 18.7 seconds, 6.66 MB/s)
==========================
Sun Apr 26 17:50:16 PDT 2015
File s3://stochss-eu-west-1-bucket/candy.zip saved as '/mnt/candy.zip' (130412988 bytes in 26.1 seconds, 4.77 MB/s)
==========================
Sun Apr 26 17:55:16 PDT 2015
File s3://stochss-eu-west-1-bucket/candy.zip saved as '/mnt/candy.zip' (130412988 bytes in 30.3 seconds, 4.10 MB/s)
==========================
Sun Apr 26 18:00:15 PDT 2015
File s3://stochss-eu-west-1-bucket/candy.zip saved as '/mnt/candy.zip' (130412988 bytes in 13.6 seconds, 9.17 MB/s)
==========================
Sun Apr 26 18:05:16 PDT 2015
File s3://stochss-eu-west-1-bucket/candy.zip saved as '/mnt/candy.zip' (130412988 bytes in 13.9 seconds, 8.94 MB/s)
==========================
Sun Apr 26 18:10:15 PDT 2015
File s3://stochss-eu-west-1-bucket/candy.zip saved as '/mnt/candy.zip' (130412988 bytes in 15.9 seconds, 7.83 MB/s)
==========================
Sun Apr 26 18:15:15 PDT 2015
File s3://stochss-eu-west-1-bucket/candy.zip saved as '/mnt/candy.zip' (130412988 bytes in 25.8 seconds, 4.81 MB/s)
==========================
Sun Apr 26 18:20:17 PDT 2015
File s3://stochss-eu-west-1-bucket/candy.zip saved as '/mnt/candy.zip' (130412988 bytes in 11.4 seconds, 10.87 MB/s)
==========================
Sun Apr 26 18:25:15 PDT 2015
File s3://stochss-eu-west-1-bucket/candy.zip saved as '/mnt/candy.zip' (130412988 bytes in 12.6 seconds, 9.90 MB/s)
==========================
Sun Apr 26 18:30:15 PDT 2015
File s3://stochss-eu-west-1-bucket/candy.zip saved as '/mnt/candy.zip' (130412988 bytes in 14.3 seconds, 8.67 MB/s)
==========================
Sun Apr 26 18:36:03 PDT 2015
File s3://stochss-eu-west-1-bucket/candy.zip saved as '/mnt/candy.zip' (130412988 bytes in 29.1 seconds, 4.27 MB/s)
==========================
Sun Apr 26 18:41:41 PDT 2015
File s3://stochss-eu-west-1-bucket/candy.zip saved as '/mnt/candy.zip' (130412988 bytes in 14.9 seconds, 8.36 MB/s)
==========================
Sun Apr 26 18:46:18 PDT 2015
File s3://stochss-eu-west-1-bucket/candy.zip saved as '/mnt/candy.zip' (130412988 bytes in 14.2 seconds, 8.78 MB/s)
==========================
Sun Apr 26 18:51:04 PDT 2015
File s3://stochss-eu-west-1-bucket/candy.zip saved as '/mnt/candy.zip' (130412988 bytes in 27.4 seconds, 4.54 MB/s)
==========================
Sun Apr 26 18:56:03 PDT 2015
File s3://stochss-eu-west-1-bucket/candy.zip saved as '/mnt/candy.zip' (130412988 bytes in 12.0 seconds, 10.40 MB/s)
==========================
Sun Apr 26 19:01:09 PDT 2015
File s3://stochss-eu-west-1-bucket/candy.zip saved as '/mnt/candy.zip' (130412988 bytes in 25.2 seconds, 4.94 MB/s)
==========================
Sun Apr 26 19:06:02 PDT 2015
File s3://stochss-eu-west-1-bucket/candy.zip saved as '/mnt/candy.zip' (130412988 bytes in 27.9 seconds, 4.46 MB/s)
==========================
Sun Apr 26 19:11:03 PDT 2015
File s3://stochss-eu-west-1-bucket/candy.zip saved as '/mnt/candy.zip' (130412988 bytes in 13.7 seconds, 9.06 MB/s)
==========================
Sun Apr 26 19:16:02 PDT 2015
File s3://stochss-eu-west-1-bucket/candy.zip saved as '/mnt/candy.zip' (130412988 bytes in 13.1 seconds, 9.47 MB/s)
==========================
Sun Apr 26 19:21:03 PDT 2015
File s3://stochss-eu-west-1-bucket/candy.zip saved as '/mnt/candy.zip' (130412988 bytes in 37.6 seconds, 3.31 MB/s)
==========================
Sun Apr 26 19:26:03 PDT 2015
File s3://stochss-eu-west-1-bucket/candy.zip saved as '/mnt/candy.zip' (130412988 bytes in 16.0 seconds, 7.78 MB/s)
==========================
Sun Apr 26 19:31:04 PDT 2015
File s3://stochss-eu-west-1-bucket/candy.zip saved as '/mnt/candy.zip' (130412988 bytes in 30.1 seconds, 4.13 MB/s)
==========================
Sun Apr 26 19:36:05 PDT 2015
File s3://stochss-eu-west-1-bucket/candy.zip saved as '/mnt/candy.zip' (130412988 bytes in 13.6 seconds, 9.18 MB/s)
==========================
Sun Apr 26 19:41:03 PDT 2015
File s3://stochss-eu-west-1-bucket/candy.zip saved as '/mnt/candy.zip' (130412988 bytes in 12.6 seconds, 9.87 MB/s)
==========================
Sun Apr 26 19:46:19 PDT 2015
File s3://stochss-eu-west-1-bucket/candy.zip saved as '/mnt/candy.zip' (130412988 bytes in 14.3 seconds, 8.73 MB/s)
==========================
Sun Apr 26 19:51:02 PDT 2015
File s3://stochss-eu-west-1-bucket/candy.zip saved as '/mnt/candy.zip' (130412988 bytes in 32.0 seconds, 3.89 MB/s)
==========================
Sun Apr 26 19:56:05 PDT 2015
File s3://stochss-eu-west-1-bucket/candy.zip saved as '/mnt/candy.zip' (130412988 bytes in 26.0 seconds, 4.78 MB/s)
==========================
Sun Apr 26 20:01:06 PDT 2015
File s3://stochss-eu-west-1-bucket/candy.zip saved as '/mnt/candy.zip' (130412988 bytes in 29.1 seconds, 4.28 MB/s)
==========================
Sun Apr 26 20:06:15 PDT 2015
File s3://stochss-eu-west-1-bucket/candy.zip saved as '/mnt/candy.zip' (130412988 bytes in 18.1 seconds, 6.87 MB/s)
==========================
Sun Apr 26 20:11:06 PDT 2015
File s3://stochss-eu-west-1-bucket/candy.zip saved as '/mnt/candy.zip' (130412988 bytes in 12.6 seconds, 9.90 MB/s)
==========================
Sun Apr 26 20:16:34 PDT 2015
File s3://stochss-eu-west-1-bucket/candy.zip saved as '/mnt/candy.zip' (130412988 bytes in 26.7 seconds, 4.66 MB/s)
==========================
Sun Apr 26 20:21:05 PDT 2015
File s3://stochss-eu-west-1-bucket/candy.zip saved as '/mnt/candy.zip' (130412988 bytes in 21.6 seconds, 5.75 MB/s)
==========================
Sun Apr 26 20:26:04 PDT 2015
File s3://stochss-eu-west-1-bucket/candy.zip saved as '/mnt/candy.zip' (130412988 bytes in 14.6 seconds, 8.54 MB/s)
==========================
Sun Apr 26 20:31:04 PDT 2015
File s3://stochss-eu-west-1-bucket/candy.zip saved as '/mnt/candy.zip' (130412988 bytes in 26.1 seconds, 4.77 MB/s)
==========================
Sun Apr 26 20:36:05 PDT 2015
File s3://stochss-eu-west-1-bucket/candy.zip saved as '/mnt/candy.zip' (130412988 bytes in 27.2 seconds, 4.56 MB/s)
==========================
Sun Apr 26 20:41:03 PDT 2015
File s3://stochss-eu-west-1-bucket/candy.zip saved as '/mnt/candy.zip' (130412988 bytes in 26.1 seconds, 4.77 MB/s)
==========================
Sun Apr 26 20:46:15 PDT 2015
File s3://stochss-eu-west-1-bucket/candy.zip saved as '/mnt/candy.zip' (130412988 bytes in 13.0 seconds, 9.56 MB/s)
==========================
Sun Apr 26 20:51:04 PDT 2015
File s3://stochss-eu-west-1-bucket/candy.zip saved as '/mnt/candy.zip' (130412988 bytes in 27.3 seconds, 4.55 MB/s)
==========================
Sun Apr 26 20:56:03 PDT 2015
File s3://stochss-eu-west-1-bucket/candy.zip saved as '/mnt/candy.zip' (130412988 bytes in 18.1 seconds, 6.89 MB/s)
==========================
Sun Apr 26 21:01:02 PDT 2015
File s3://stochss-eu-west-1-bucket/candy.zip saved as '/mnt/candy.zip' (130412988 bytes in 20.3 seconds, 6.13 MB/s)
==========================
Sun Apr 26 21:06:01 PDT 2015
File s3://stochss-eu-west-1-bucket/candy.zip saved as '/mnt/candy.zip' (130412988 bytes in 22.7 seconds, 5.47 MB/s)
==========================
Sun Apr 26 21:11:05 PDT 2015
File s3://stochss-eu-west-1-bucket/candy.zip saved as '/mnt/candy.zip' (130412988 bytes in 16.5 seconds, 7.55 MB/s)
==========================
Sun Apr 26 21:16:03 PDT 2015
File s3://stochss-eu-west-1-bucket/candy.zip saved as '/mnt/candy.zip' (130412988 bytes in 15.8 seconds, 7.85 MB/s)
==========================
Sun Apr 26 21:21:04 PDT 2015
File s3://stochss-eu-west-1-bucket/candy.zip saved as '/mnt/candy.zip' (130412988 bytes in 14.7 seconds, 8.45 MB/s)
==========================
Sun Apr 26 21:26:03 PDT 2015
File s3://stochss-eu-west-1-bucket/candy.zip saved as '/mnt/candy.zip' (130412988 bytes in 25.7 seconds, 4.84 MB/s)
==========================
Sun Apr 26 21:31:04 PDT 2015
File s3://stochss-eu-west-1-bucket/candy.zip saved as '/mnt/candy.zip' (130412988 bytes in 21.0 seconds, 5.91 MB/s)
==========================
Sun Apr 26 21:36:04 PDT 2015
File s3://stochss-eu-west-1-bucket/candy.zip saved as '/mnt/candy.zip' (130412988 bytes in 19.4 seconds, 6.42 MB/s)
==========================
Sun Apr 26 21:41:01 PDT 2015
File s3://stochss-eu-west-1-bucket/candy.zip saved as '/mnt/candy.zip' (130412988 bytes in 13.4 seconds, 9.27 MB/s)
==========================
Sun Apr 26 21:46:03 PDT 2015
File s3://stochss-eu-west-1-bucket/candy.zip saved as '/mnt/candy.zip' (130412988 bytes in 27.1 seconds, 4.59 MB/s)
==========================
Sun Apr 26 21:51:03 PDT 2015
File s3://stochss-eu-west-1-bucket/candy.zip saved as '/mnt/candy.zip' (130412988 bytes in 23.9 seconds, 5.21 MB/s)
==========================
Sun Apr 26 21:56:04 PDT 2015
File s3://stochss-eu-west-1-bucket/candy.zip saved as '/mnt/candy.zip' (130412988 bytes in 17.8 seconds, 6.98 MB/s)
==========================
Sun Apr 26 22:01:03 PDT 2015
File s3://stochss-eu-west-1-bucket/candy.zip saved as '/mnt/candy.zip' (130412988 bytes in 11.3 seconds, 10.97 MB/s)
==========================
Sun Apr 26 22:06:05 PDT 2015
File s3://stochss-eu-west-1-bucket/candy.zip saved as '/mnt/candy.zip' (130412988 bytes in 12.4 seconds, 10.05 MB/s)
==========================
Sun Apr 26 22:11:04 PDT 2015
File s3://stochss-eu-west-1-bucket/candy.zip saved as '/mnt/candy.zip' (130412988 bytes in 26.4 seconds, 4.71 MB/s)
==========================
Sun Apr 26 22:16:07 PDT 2015
File s3://stochss-eu-west-1-bucket/candy.zip saved as '/mnt/candy.zip' (130412988 bytes in 24.8 seconds, 5.01 MB/s)
==========================
Sun Apr 26 22:21:05 PDT 2015
File s3://stochss-eu-west-1-bucket/candy.zip saved as '/mnt/candy.zip' (130412988 bytes in 25.3 seconds, 4.91 MB/s)
==========================
Sun Apr 26 22:26:04 PDT 2015
File s3://stochss-eu-west-1-bucket/candy.zip saved as '/mnt/candy.zip' (130412988 bytes in 13.1 seconds, 9.48 MB/s)
==========================
Sun Apr 26 22:31:04 PDT 2015
File s3://stochss-eu-west-1-bucket/candy.zip saved as '/mnt/candy.zip' (130412988 bytes in 31.0 seconds, 4.01 MB/s)
==========================
Sun Apr 26 22:36:05 PDT 2015
File s3://stochss-eu-west-1-bucket/candy.zip saved as '/mnt/candy.zip' (130412988 bytes in 14.9 seconds, 8.33 MB/s)
==========================
Sun Apr 26 22:41:02 PDT 2015
File s3://stochss-eu-west-1-bucket/candy.zip saved as '/mnt/candy.zip' (130412988 bytes in 28.7 seconds, 4.33 MB/s)
==========================
Sun Apr 26 22:46:07 PDT 2015
File s3://stochss-eu-west-1-bucket/candy.zip saved as '/mnt/candy.zip' (130412988 bytes in 17.1 seconds, 7.26 MB/s)
==========================
Sun Apr 26 22:51:06 PDT 2015
File s3://stochss-eu-west-1-bucket/candy.zip saved as '/mnt/candy.zip' (130412988 bytes in 25.6 seconds, 4.86 MB/s)
==========================
Sun Apr 26 22:56:02 PDT 2015
File s3://stochss-eu-west-1-bucket/candy.zip saved as '/mnt/candy.zip' (130412988 bytes in 20.3 seconds, 6.11 MB/s)
==========================
Sun Apr 26 23:01:03 PDT 2015
File s3://stochss-eu-west-1-bucket/candy.zip saved as '/mnt/candy.zip' (130412988 bytes in 25.6 seconds, 4.86 MB/s)
==========================
Sun Apr 26 23:06:03 PDT 2015
File s3://stochss-eu-west-1-bucket/candy.zip saved as '/mnt/candy.zip' (130412988 bytes in 14.7 seconds, 8.45 MB/s)
==========================
Sun Apr 26 23:11:01 PDT 2015
File s3://stochss-eu-west-1-bucket/candy.zip saved as '/mnt/candy.zip' (130412988 bytes in 22.6 seconds, 5.51 MB/s)
==========================
Sun Apr 26 23:16:03 PDT 2015
File s3://stochss-eu-west-1-bucket/candy.zip saved as '/mnt/candy.zip' (130412988 bytes in 13.8 seconds, 9.02 MB/s)
==========================
Sun Apr 26 23:21:16 PDT 2015
File s3://stochss-eu-west-1-bucket/candy.zip saved as '/mnt/candy.zip' (130412988 bytes in 13.1 seconds, 9.53 MB/s)
==========================
Sun Apr 26 23:26:03 PDT 2015
File s3://stochss-eu-west-1-bucket/candy.zip saved as '/mnt/candy.zip' (130412988 bytes in 23.1 seconds, 5.39 MB/s)
==========================
Sun Apr 26 23:31:03 PDT 2015
File s3://stochss-eu-west-1-bucket/candy.zip saved as '/mnt/candy.zip' (130412988 bytes in 28.4 seconds, 4.38 MB/s)
==========================
Sun Apr 26 23:36:04 PDT 2015
File s3://stochss-eu-west-1-bucket/candy.zip saved as '/mnt/candy.zip' (130412988 bytes in 20.7 seconds, 6.01 MB/s)
==========================
Sun Apr 26 23:41:01 PDT 2015
File s3://stochss-eu-west-1-bucket/candy.zip saved as '/mnt/candy.zip' (130412988 bytes in 13.5 seconds, 9.19 MB/s)
==========================
Sun Apr 26 23:46:05 PDT 2015
File s3://stochss-eu-west-1-bucket/candy.zip saved as '/mnt/candy.zip' (130412988 bytes in 24.9 seconds, 4.99 MB/s)
==========================
Sun Apr 26 23:51:03 PDT 2015
File s3://stochss-eu-west-1-bucket/candy.zip saved as '/mnt/candy.zip' (130412988 bytes in 14.0 seconds, 8.91 MB/s)
==========================
Sun Apr 26 23:56:06 PDT 2015
File s3://stochss-eu-west-1-bucket/candy.zip saved as '/mnt/candy.zip' (130412988 bytes in 12.5 seconds, 9.92 MB/s)
==========================
Mon Apr 27 00:01:01 PDT 2015
File s3://stochss-eu-west-1-bucket/candy.zip saved as '/mnt/candy.zip' (130412988 bytes in 12.6 seconds, 9.87 MB/s)
==========================
Mon Apr 27 00:06:04 PDT 2015
File s3://stochss-eu-west-1-bucket/candy.zip saved as '/mnt/candy.zip' (130412988 bytes in 13.0 seconds, 9.55 MB/s)
==========================
Mon Apr 27 00:11:05 PDT 2015
File s3://stochss-eu-west-1-bucket/candy.zip saved as '/mnt/candy.zip' (130412988 bytes in 19.4 seconds, 6.42 MB/s)
==========================
Mon Apr 27 00:16:04 PDT 2015
File s3://stochss-eu-west-1-bucket/candy.zip saved as '/mnt/candy.zip' (130412988 bytes in 25.3 seconds, 4.91 MB/s)
==========================
Mon Apr 27 00:21:02 PDT 2015
File s3://stochss-eu-west-1-bucket/candy.zip saved as '/mnt/candy.zip' (130412988 bytes in 15.0 seconds, 8.30 MB/s)
==========================
Mon Apr 27 00:26:07 PDT 2015
File s3://stochss-eu-west-1-bucket/candy.zip saved as '/mnt/candy.zip' (130412988 bytes in 13.0 seconds, 9.59 MB/s)
==========================
Mon Apr 27 00:31:05 PDT 2015
File s3://stochss-eu-west-1-bucket/candy.zip saved as '/mnt/candy.zip' (130412988 bytes in 13.6 seconds, 9.14 MB/s)
==========================
Mon Apr 27 00:36:06 PDT 2015
File s3://stochss-eu-west-1-bucket/candy.zip saved as '/mnt/candy.zip' (130412988 bytes in 24.3 seconds, 5.12 MB/s)
==========================
Mon Apr 27 00:41:04 PDT 2015
File s3://stochss-eu-west-1-bucket/candy.zip saved as '/mnt/candy.zip' (130412988 bytes in 13.9 seconds, 8.96 MB/s)
==========================
Mon Apr 27 00:46:03 PDT 2015
File s3://stochss-eu-west-1-bucket/candy.zip saved as '/mnt/candy.zip' (130412988 bytes in 28.8 seconds, 4.31 MB/s)
==========================
Mon Apr 27 00:51:02 PDT 2015
File s3://stochss-eu-west-1-bucket/candy.zip saved as '/mnt/candy.zip' (130412988 bytes in 13.8 seconds, 9.02 MB/s)
==========================
Mon Apr 27 00:56:04 PDT 2015
File s3://stochss-eu-west-1-bucket/candy.zip saved as '/mnt/candy.zip' (130412988 bytes in 10.8 seconds, 11.54 MB/s)
==========================
Mon Apr 27 01:01:02 PDT 2015
File s3://stochss-eu-west-1-bucket/candy.zip saved as '/mnt/candy.zip' (130412988 bytes in 16.1 seconds, 7.71 MB/s)
==========================
Mon Apr 27 01:06:05 PDT 2015
File s3://stochss-eu-west-1-bucket/candy.zip saved as '/mnt/candy.zip' (130412988 bytes in 25.7 seconds, 4.84 MB/s)
==========================
Mon Apr 27 01:11:05 PDT 2015
File s3://stochss-eu-west-1-bucket/candy.zip saved as '/mnt/candy.zip' (130412988 bytes in 20.3 seconds, 6.14 MB/s)
==========================
Mon Apr 27 01:16:02 PDT 2015
File s3://stochss-eu-west-1-bucket/candy.zip saved as '/mnt/candy.zip' (130412988 bytes in 13.9 seconds, 8.93 MB/s)
==========================
Mon Apr 27 01:21:02 PDT 2015
File s3://stochss-eu-west-1-bucket/candy.zip saved as '/mnt/candy.zip' (130412988 bytes in 24.0 seconds, 5.18 MB/s)
==========================
Mon Apr 27 01:26:03 PDT 2015
File s3://stochss-eu-west-1-bucket/candy.zip saved as '/mnt/candy.zip' (130412988 bytes in 13.8 seconds, 9.01 MB/s)
==========================
Mon Apr 27 01:31:02 PDT 2015
File s3://stochss-eu-west-1-bucket/candy.zip saved as '/mnt/candy.zip' (130412988 bytes in 15.1 seconds, 8.21 MB/s)
==========================
Mon Apr 27 01:35:58 PDT 2015
File s3://stochss-eu-west-1-bucket/candy.zip saved as '/mnt/candy.zip' (130412988 bytes in 26.5 seconds, 4.69 MB/s)
==========================
Mon Apr 27 01:41:06 PDT 2015
File s3://stochss-eu-west-1-bucket/candy.zip saved as '/mnt/candy.zip' (130412988 bytes in 11.6 seconds, 10.71 MB/s)
==========================
Mon Apr 27 01:46:04 PDT 2015
File s3://stochss-eu-west-1-bucket/candy.zip saved as '/mnt/candy.zip' (130412988 bytes in 15.8 seconds, 7.87 MB/s)
==========================
Mon Apr 27 01:51:03 PDT 2015
File s3://stochss-eu-west-1-bucket/candy.zip saved as '/mnt/candy.zip' (130412988 bytes in 22.9 seconds, 5.44 MB/s)
==========================
Mon Apr 27 01:56:06 PDT 2015
File s3://stochss-eu-west-1-bucket/candy.zip saved as '/mnt/candy.zip' (130412988 bytes in 18.9 seconds, 6.60 MB/s)
==========================
Mon Apr 27 02:01:03 PDT 2015
File s3://stochss-eu-west-1-bucket/candy.zip saved as '/mnt/candy.zip' (130412988 bytes in 27.1 seconds, 4.59 MB/s)
==========================
Mon Apr 27 02:06:25 PDT 2015
File s3://stochss-eu-west-1-bucket/candy.zip saved as '/mnt/candy.zip' (130412988 bytes in 13.5 seconds, 9.19 MB/s)
==========================
Mon Apr 27 02:11:01 PDT 2015
File s3://stochss-eu-west-1-bucket/candy.zip saved as '/mnt/candy.zip' (130412988 bytes in 18.7 seconds, 6.64 MB/s)
==========================
Mon Apr 27 02:16:05 PDT 2015
File s3://stochss-eu-west-1-bucket/candy.zip saved as '/mnt/candy.zip' (130412988 bytes in 18.3 seconds, 6.81 MB/s)
==========================
Mon Apr 27 02:21:01 PDT 2015
File s3://stochss-eu-west-1-bucket/candy.zip saved as '/mnt/candy.zip' (130412988 bytes in 29.3 seconds, 4.25 MB/s)
==========================
Mon Apr 27 02:26:04 PDT 2015
File s3://stochss-eu-west-1-bucket/candy.zip saved as '/mnt/candy.zip' (130412988 bytes in 12.1 seconds, 10.31 MB/s)
==========================
Mon Apr 27 02:31:01 PDT 2015
File s3://stochss-eu-west-1-bucket/candy.zip saved as '/mnt/candy.zip' (130412988 bytes in 17.1 seconds, 7.27 MB/s)
==========================
Mon Apr 27 02:36:06 PDT 2015
File s3://stochss-eu-west-1-bucket/candy.zip saved as '/mnt/candy.zip' (130412988 bytes in 13.2 seconds, 9.44 MB/s)
==========================
Mon Apr 27 02:41:02 PDT 2015
File s3://stochss-eu-west-1-bucket/candy.zip saved as '/mnt/candy.zip' (130412988 bytes in 27.4 seconds, 4.53 MB/s)
==========================
Mon Apr 27 02:46:04 PDT 2015
File s3://stochss-eu-west-1-bucket/candy.zip saved as '/mnt/candy.zip' (130412988 bytes in 26.1 seconds, 4.76 MB/s)
==========================
Mon Apr 27 02:51:04 PDT 2015
File s3://stochss-eu-west-1-bucket/candy.zip saved as '/mnt/candy.zip' (130412988 bytes in 11.7 seconds, 10.62 MB/s)
==========================
Mon Apr 27 02:56:05 PDT 2015
File s3://stochss-eu-west-1-bucket/candy.zip saved as '/mnt/candy.zip' (130412988 bytes in 25.9 seconds, 4.81 MB/s)
==========================
Mon Apr 27 03:01:04 PDT 2015
File s3://stochss-eu-west-1-bucket/candy.zip saved as '/mnt/candy.zip' (130412988 bytes in 16.3 seconds, 7.62 MB/s)
==========================
Mon Apr 27 03:06:03 PDT 2015
File s3://stochss-eu-west-1-bucket/candy.zip saved as '/mnt/candy.zip' (130412988 bytes in 10.8 seconds, 11.50 MB/s)
==========================
Mon Apr 27 03:11:14 PDT 2015
File s3://stochss-eu-west-1-bucket/candy.zip saved as '/mnt/candy.zip' (130412988 bytes in 14.2 seconds, 8.75 MB/s)
==========================
Mon Apr 27 03:16:04 PDT 2015
File s3://stochss-eu-west-1-bucket/candy.zip saved as '/mnt/candy.zip' (130412988 bytes in 20.4 seconds, 6.09 MB/s)
==========================
Mon Apr 27 03:21:05 PDT 2015
File s3://stochss-eu-west-1-bucket/candy.zip saved as '/mnt/candy.zip' (130412988 bytes in 24.1 seconds, 5.15 MB/s)
==========================
Mon Apr 27 03:26:04 PDT 2015
File s3://stochss-eu-west-1-bucket/candy.zip saved as '/mnt/candy.zip' (130412988 bytes in 20.1 seconds, 6.20 MB/s)
==========================
Mon Apr 27 03:31:03 PDT 2015
File s3://stochss-eu-west-1-bucket/candy.zip saved as '/mnt/candy.zip' (130412988 bytes in 14.6 seconds, 8.53 MB/s)
==========================
Mon Apr 27 03:36:04 PDT 2015
File s3://stochss-eu-west-1-bucket/candy.zip saved as '/mnt/candy.zip' (130412988 bytes in 15.2 seconds, 8.20 MB/s)
==========================
Mon Apr 27 03:41:08 PDT 2015
File s3://stochss-eu-west-1-bucket/candy.zip saved as '/mnt/candy.zip' (130412988 bytes in 23.5 seconds, 5.29 MB/s)
==========================
Mon Apr 27 03:46:01 PDT 2015
File s3://stochss-eu-west-1-bucket/candy.zip saved as '/mnt/candy.zip' (130412988 bytes in 12.7 seconds, 9.83 MB/s)
==========================
Mon Apr 27 03:51:05 PDT 2015
File s3://stochss-eu-west-1-bucket/candy.zip saved as '/mnt/candy.zip' (130412988 bytes in 12.5 seconds, 9.98 MB/s)
==========================
Mon Apr 27 03:56:05 PDT 2015
File s3://stochss-eu-west-1-bucket/candy.zip saved as '/mnt/candy.zip' (130412988 bytes in 24.4 seconds, 5.09 MB/s)
==========================
Mon Apr 27 04:01:02 PDT 2015
File s3://stochss-eu-west-1-bucket/candy.zip saved as '/mnt/candy.zip' (130412988 bytes in 73.3 seconds, 1738.65 kB/s)
==========================
Mon Apr 27 04:06:01 PDT 2015
File s3://stochss-eu-west-1-bucket/candy.zip saved as '/mnt/candy.zip' (130412988 bytes in 12.4 seconds, 10.05 MB/s)
==========================
Mon Apr 27 04:11:14 PDT 2015
File s3://stochss-eu-west-1-bucket/candy.zip saved as '/mnt/candy.zip' (130412988 bytes in 23.2 seconds, 5.36 MB/s)
==========================
Mon Apr 27 04:16:07 PDT 2015
File s3://stochss-eu-west-1-bucket/candy.zip saved as '/mnt/candy.zip' (130412988 bytes in 18.7 seconds, 6.64 MB/s)
==========================
Mon Apr 27 04:21:02 PDT 2015
File s3://stochss-eu-west-1-bucket/candy.zip saved as '/mnt/candy.zip' (130412988 bytes in 13.3 seconds, 9.35 MB/s)
==========================
Mon Apr 27 04:26:02 PDT 2015
File s3://stochss-eu-west-1-bucket/candy.zip saved as '/mnt/candy.zip' (130412988 bytes in 24.3 seconds, 5.12 MB/s)
==========================
Mon Apr 27 04:30:59 PDT 2015
File s3://stochss-eu-west-1-bucket/candy.zip saved as '/mnt/candy.zip' (130412988 bytes in 17.2 seconds, 7.21 MB/s)
==========================
Mon Apr 27 04:36:03 PDT 2015
File s3://stochss-eu-west-1-bucket/candy.zip saved as '/mnt/candy.zip' (130412988 bytes in 12.0 seconds, 10.32 MB/s)
==========================
Mon Apr 27 04:41:00 PDT 2015
File s3://stochss-eu-west-1-bucket/candy.zip saved as '/mnt/candy.zip' (130412988 bytes in 37.0 seconds, 3.36 MB/s)
==========================
Mon Apr 27 04:46:02 PDT 2015
File s3://stochss-eu-west-1-bucket/candy.zip saved as '/mnt/candy.zip' (130412988 bytes in 20.9 seconds, 5.96 MB/s)
==========================
Mon Apr 27 04:51:04 PDT 2015
File s3://stochss-eu-west-1-bucket/candy.zip saved as '/mnt/candy.zip' (130412988 bytes in 25.2 seconds, 4.93 MB/s)
==========================
Mon Apr 27 04:56:06 PDT 2015
File s3://stochss-eu-west-1-bucket/candy.zip saved as '/mnt/candy.zip' (130412988 bytes in 17.8 seconds, 6.97 MB/s)
==========================
Mon Apr 27 05:01:05 PDT 2015
File s3://stochss-eu-west-1-bucket/candy.zip saved as '/mnt/candy.zip' (130412988 bytes in 20.2 seconds, 6.14 MB/s)
==========================
Mon Apr 27 05:06:14 PDT 2015
File s3://stochss-eu-west-1-bucket/candy.zip saved as '/mnt/candy.zip' (130412988 bytes in 26.0 seconds, 4.78 MB/s)
==========================
Mon Apr 27 05:11:02 PDT 2015
File s3://stochss-eu-west-1-bucket/candy.zip saved as '/mnt/candy.zip' (130412988 bytes in 13.8 seconds, 8.99 MB/s)
==========================
Mon Apr 27 05:16:07 PDT 2015
File s3://stochss-eu-west-1-bucket/candy.zip saved as '/mnt/candy.zip' (130412988 bytes in 26.6 seconds, 4.68 MB/s)
==========================
Mon Apr 27 05:21:03 PDT 2015
File s3://stochss-eu-west-1-bucket/candy.zip saved as '/mnt/candy.zip' (130412988 bytes in 28.2 seconds, 4.41 MB/s)
==========================
Mon Apr 27 05:26:03 PDT 2015
File s3://stochss-eu-west-1-bucket/candy.zip saved as '/mnt/candy.zip' (130412988 bytes in 24.2 seconds, 5.14 MB/s)
==========================
Mon Apr 27 05:31:08 PDT 2015
File s3://stochss-eu-west-1-bucket/candy.zip saved as '/mnt/candy.zip' (130412988 bytes in 23.2 seconds, 5.37 MB/s)
==========================
Mon Apr 27 05:36:01 PDT 2015
File s3://stochss-eu-west-1-bucket/candy.zip saved as '/mnt/candy.zip' (130412988 bytes in 21.0 seconds, 5.93 MB/s)
==========================
Mon Apr 27 05:41:02 PDT 2015
File s3://stochss-eu-west-1-bucket/candy.zip saved as '/mnt/candy.zip' (130412988 bytes in 17.3 seconds, 7.18 MB/s)
==========================
Mon Apr 27 05:46:03 PDT 2015
File s3://stochss-eu-west-1-bucket/candy.zip saved as '/mnt/candy.zip' (130412988 bytes in 10.9 seconds, 11.46 MB/s)
==========================
Mon Apr 27 05:51:05 PDT 2015
File s3://stochss-eu-west-1-bucket/candy.zip saved as '/mnt/candy.zip' (130412988 bytes in 19.4 seconds, 6.41 MB/s)
==========================
Mon Apr 27 05:56:08 PDT 2015
File s3://stochss-eu-west-1-bucket/candy.zip saved as '/mnt/candy.zip' (130412988 bytes in 22.0 seconds, 5.66 MB/s)
==========================
Mon Apr 27 06:01:04 PDT 2015
File s3://stochss-eu-west-1-bucket/candy.zip saved as '/mnt/candy.zip' (130412988 bytes in 25.2 seconds, 4.93 MB/s)
==========================
Mon Apr 27 06:06:05 PDT 2015
File s3://stochss-eu-west-1-bucket/candy.zip saved as '/mnt/candy.zip' (130412988 bytes in 28.4 seconds, 4.38 MB/s)
==========================
Mon Apr 27 06:11:03 PDT 2015
File s3://stochss-eu-west-1-bucket/candy.zip saved as '/mnt/candy.zip' (130412988 bytes in 13.0 seconds, 9.58 MB/s)
==========================
Mon Apr 27 06:16:06 PDT 2015
File s3://stochss-eu-west-1-bucket/candy.zip saved as '/mnt/candy.zip' (130412988 bytes in 10.8 seconds, 11.48 MB/s)
==========================
Mon Apr 27 06:21:01 PDT 2015
File s3://stochss-eu-west-1-bucket/candy.zip saved as '/mnt/candy.zip' (130412988 bytes in 16.6 seconds, 7.48 MB/s)
==========================
Mon Apr 27 06:26:04 PDT 2015
File s3://stochss-eu-west-1-bucket/candy.zip saved as '/mnt/candy.zip' (130412988 bytes in 23.8 seconds, 5.23 MB/s)
==========================
Mon Apr 27 06:31:07 PDT 2015
File s3://stochss-eu-west-1-bucket/candy.zip saved as '/mnt/candy.zip' (130412988 bytes in 25.5 seconds, 4.87 MB/s)
==========================
Mon Apr 27 06:36:05 PDT 2015
File s3://stochss-eu-west-1-bucket/candy.zip saved as '/mnt/candy.zip' (130412988 bytes in 25.0 seconds, 4.97 MB/s)
==========================
Mon Apr 27 06:41:02 PDT 2015
File s3://stochss-eu-west-1-bucket/candy.zip saved as '/mnt/candy.zip' (130412988 bytes in 12.3 seconds, 10.11 MB/s)
==========================
Mon Apr 27 06:46:03 PDT 2015
File s3://stochss-eu-west-1-bucket/candy.zip saved as '/mnt/candy.zip' (130412988 bytes in 12.2 seconds, 10.22 MB/s)
==========================
Mon Apr 27 06:51:03 PDT 2015
File s3://stochss-eu-west-1-bucket/candy.zip saved as '/mnt/candy.zip' (130412988 bytes in 13.6 seconds, 9.12 MB/s)
==========================
Mon Apr 27 06:56:04 PDT 2015
File s3://stochss-eu-west-1-bucket/candy.zip saved as '/mnt/candy.zip' (130412988 bytes in 24.6 seconds, 5.07 MB/s)
==========================
Mon Apr 27 07:00:58 PDT 2015
File s3://stochss-eu-west-1-bucket/candy.zip saved as '/mnt/candy.zip' (130412988 bytes in 13.2 seconds, 9.39 MB/s)
==========================
Mon Apr 27 07:05:57 PDT 2015
File s3://stochss-eu-west-1-bucket/candy.zip saved as '/mnt/candy.zip' (130412988 bytes in 18.9 seconds, 6.57 MB/s)
==========================
Mon Apr 27 07:11:03 PDT 2015
File s3://stochss-eu-west-1-bucket/candy.zip saved as '/mnt/candy.zip' (130412988 bytes in 24.6 seconds, 5.07 MB/s)
==========================
Mon Apr 27 07:16:06 PDT 2015
File s3://stochss-eu-west-1-bucket/candy.zip saved as '/mnt/candy.zip' (130412988 bytes in 26.8 seconds, 4.65 MB/s)
==========================
Mon Apr 27 07:21:02 PDT 2015
File s3://stochss-eu-west-1-bucket/candy.zip saved as '/mnt/candy.zip' (130412988 bytes in 58.6 seconds, 2.12 MB/s)
==========================
Mon Apr 27 07:26:05 PDT 2015
File s3://stochss-eu-west-1-bucket/candy.zip saved as '/mnt/candy.zip' (130412988 bytes in 22.2 seconds, 5.61 MB/s)
==========================
Mon Apr 27 07:31:03 PDT 2015
File s3://stochss-eu-west-1-bucket/candy.zip saved as '/mnt/candy.zip' (130412988 bytes in 26.1 seconds, 4.76 MB/s)
==========================
Mon Apr 27 07:36:03 PDT 2015
File s3://stochss-eu-west-1-bucket/candy.zip saved as '/mnt/candy.zip' (130412988 bytes in 77.1 seconds, 1651.38 kB/s)
==========================
Mon Apr 27 07:41:03 PDT 2015
File s3://stochss-eu-west-1-bucket/candy.zip saved as '/mnt/candy.zip' (130412988 bytes in 24.2 seconds, 5.14 MB/s)
==========================
Mon Apr 27 07:46:03 PDT 2015
File s3://stochss-eu-west-1-bucket/candy.zip saved as '/mnt/candy.zip' (130412988 bytes in 26.3 seconds, 4.73 MB/s)
==========================
Mon Apr 27 07:51:33 PDT 2015
File s3://stochss-eu-west-1-bucket/candy.zip saved as '/mnt/candy.zip' (130412988 bytes in 13.5 seconds, 9.23 MB/s)
==========================
Mon Apr 27 07:56:03 PDT 2015
File s3://stochss-eu-west-1-bucket/candy.zip saved as '/mnt/candy.zip' (130412988 bytes in 27.5 seconds, 4.52 MB/s)
==========================
Mon Apr 27 08:01:03 PDT 2015
File s3://stochss-eu-west-1-bucket/candy.zip saved as '/mnt/candy.zip' (130412988 bytes in 35.9 seconds, 3.46 MB/s)
==========================
Mon Apr 27 08:06:03 PDT 2015
File s3://stochss-eu-west-1-bucket/candy.zip saved as '/mnt/candy.zip' (130412988 bytes in 49.2 seconds, 2.53 MB/s)
==========================
Mon Apr 27 08:11:11 PDT 2015
File s3://stochss-eu-west-1-bucket/candy.zip saved as '/mnt/candy.zip' (130412988 bytes in 23.9 seconds, 5.21 MB/s)
==========================
Mon Apr 27 08:16:04 PDT 2015
File s3://stochss-eu-west-1-bucket/candy.zip saved as '/mnt/candy.zip' (130412988 bytes in 20.1 seconds, 6.19 MB/s)
==========================
Mon Apr 27 08:21:07 PDT 2015
File s3://stochss-eu-west-1-bucket/candy.zip saved as '/mnt/candy.zip' (130412988 bytes in 20.2 seconds, 6.15 MB/s)
==========================
Mon Apr 27 08:26:06 PDT 2015
File s3://stochss-eu-west-1-bucket/candy.zip saved as '/mnt/candy.zip' (130412988 bytes in 13.4 seconds, 9.31 MB/s)
==========================
Mon Apr 27 08:31:07 PDT 2015
File s3://stochss-eu-west-1-bucket/candy.zip saved as '/mnt/candy.zip' (130412988 bytes in 23.9 seconds, 5.21 MB/s)
==========================
Mon Apr 27 08:35:57 PDT 2015
File s3://stochss-eu-west-1-bucket/candy.zip saved as '/mnt/candy.zip' (130412988 bytes in 12.7 seconds, 9.78 MB/s)
==========================
Mon Apr 27 08:41:06 PDT 2015
File s3://stochss-eu-west-1-bucket/candy.zip saved as '/mnt/candy.zip' (130412988 bytes in 22.3 seconds, 5.57 MB/s)
==========================
Mon Apr 27 08:46:01 PDT 2015
File s3://stochss-eu-west-1-bucket/candy.zip saved as '/mnt/candy.zip' (130412988 bytes in 17.9 seconds, 6.96 MB/s)
==========================
Mon Apr 27 08:50:59 PDT 2015
File s3://stochss-eu-west-1-bucket/candy.zip saved as '/mnt/candy.zip' (130412988 bytes in 18.7 seconds, 6.67 MB/s)
==========================
Mon Apr 27 08:56:04 PDT 2015
File s3://stochss-eu-west-1-bucket/candy.zip saved as '/mnt/candy.zip' (130412988 bytes in 23.3 seconds, 5.33 MB/s)
==========================
Mon Apr 27 09:01:06 PDT 2015
File s3://stochss-eu-west-1-bucket/candy.zip saved as '/mnt/candy.zip' (130412988 bytes in 13.6 seconds, 9.13 MB/s)
==========================
Mon Apr 27 09:06:08 PDT 2015
File s3://stochss-eu-west-1-bucket/candy.zip saved as '/mnt/candy.zip' (130412988 bytes in 18.9 seconds, 6.57 MB/s)
==========================
Mon Apr 27 09:11:08 PDT 2015
File s3://stochss-eu-west-1-bucket/candy.zip saved as '/mnt/candy.zip' (130412988 bytes in 39.3 seconds, 3.17 MB/s)
==========================
Mon Apr 27 09:16:05 PDT 2015
File s3://stochss-eu-west-1-bucket/candy.zip saved as '/mnt/candy.zip' (130412988 bytes in 21.9 seconds, 5.67 MB/s)
==========================
Mon Apr 27 09:21:04 PDT 2015
File s3://stochss-eu-west-1-bucket/candy.zip saved as '/mnt/candy.zip' (130412988 bytes in 22.6 seconds, 5.49 MB/s)
==========================
Mon Apr 27 09:26:27 PDT 2015
File s3://stochss-eu-west-1-bucket/candy.zip saved as '/mnt/candy.zip' (130412988 bytes in 31.9 seconds, 3.90 MB/s)
==========================
Mon Apr 27 09:31:10 PDT 2015
File s3://stochss-eu-west-1-bucket/candy.zip saved as '/mnt/candy.zip' (130412988 bytes in 23.7 seconds, 5.24 MB/s)
==========================
Mon Apr 27 09:36:07 PDT 2015
File s3://stochss-eu-west-1-bucket/candy.zip saved as '/mnt/candy.zip' (130412988 bytes in 25.4 seconds, 4.90 MB/s)
==========================
Mon Apr 27 09:41:04 PDT 2015
File s3://stochss-eu-west-1-bucket/candy.zip saved as '/mnt/candy.zip' (130412988 bytes in 23.4 seconds, 5.31 MB/s)
==========================
Mon Apr 27 09:46:02 PDT 2015
File s3://stochss-eu-west-1-bucket/candy.zip saved as '/mnt/candy.zip' (130412988 bytes in 11.9 seconds, 10.47 MB/s)
==========================
Mon Apr 27 09:51:06 PDT 2015
File s3://stochss-eu-west-1-bucket/candy.zip saved as '/mnt/candy.zip' (130412988 bytes in 15.8 seconds, 7.85 MB/s)
==========================
Mon Apr 27 09:56:13 PDT 2015
File s3://stochss-eu-west-1-bucket/candy.zip saved as '/mnt/candy.zip' (130412988 bytes in 23.0 seconds, 5.42 MB/s)
==========================
Mon Apr 27 10:01:06 PDT 2015
File s3://stochss-eu-west-1-bucket/candy.zip saved as '/mnt/candy.zip' (130412988 bytes in 22.3 seconds, 5.58 MB/s)
==========================
Mon Apr 27 10:06:07 PDT 2015
File s3://stochss-eu-west-1-bucket/candy.zip saved as '/mnt/candy.zip' (130412988 bytes in 14.4 seconds, 8.62 MB/s)
==========================
Mon Apr 27 10:11:04 PDT 2015
File s3://stochss-eu-west-1-bucket/candy.zip saved as '/mnt/candy.zip' (130412988 bytes in 18.0 seconds, 6.91 MB/s)
==========================
Mon Apr 27 10:16:07 PDT 2015
File s3://stochss-eu-west-1-bucket/candy.zip saved as '/mnt/candy.zip' (130412988 bytes in 11.3 seconds, 11.05 MB/s)
==========================
Mon Apr 27 10:21:04 PDT 2015
File s3://stochss-eu-west-1-bucket/candy.zip saved as '/mnt/candy.zip' (130412988 bytes in 13.6 seconds, 9.16 MB/s)
==========================
Mon Apr 27 10:26:04 PDT 2015
File s3://stochss-eu-west-1-bucket/candy.zip saved as '/mnt/candy.zip' (130412988 bytes in 23.5 seconds, 5.29 MB/s)
==========================
Mon Apr 27 10:31:07 PDT 2015
File s3://stochss-eu-west-1-bucket/candy.zip saved as '/mnt/candy.zip' (130412988 bytes in 27.3 seconds, 4.56 MB/s)
==========================
Mon Apr 27 10:36:04 PDT 2015
File s3://stochss-eu-west-1-bucket/candy.zip saved as '/mnt/candy.zip' (130412988 bytes in 13.9 seconds, 8.92 MB/s)
==========================
Mon Apr 27 10:41:12 PDT 2015
File s3://stochss-eu-west-1-bucket/candy.zip saved as '/mnt/candy.zip' (130412988 bytes in 39.3 seconds, 3.16 MB/s)
==========================
Mon Apr 27 10:46:02 PDT 2015
File s3://stochss-eu-west-1-bucket/candy.zip saved as '/mnt/candy.zip' (130412988 bytes in 27.1 seconds, 4.59 MB/s)
==========================
Mon Apr 27 10:51:06 PDT 2015
File s3://stochss-eu-west-1-bucket/candy.zip saved as '/mnt/candy.zip' (130412988 bytes in 23.4 seconds, 5.31 MB/s)
==========================
Mon Apr 27 10:56:02 PDT 2015
File s3://stochss-eu-west-1-bucket/candy.zip saved as '/mnt/candy.zip' (130412988 bytes in 27.6 seconds, 4.51 MB/s)
==========================
Mon Apr 27 11:01:06 PDT 2015
File s3://stochss-eu-west-1-bucket/candy.zip saved as '/mnt/candy.zip' (130412988 bytes in 19.8 seconds, 6.27 MB/s)
==========================
Mon Apr 27 11:06:06 PDT 2015
File s3://stochss-eu-west-1-bucket/candy.zip saved as '/mnt/candy.zip' (130412988 bytes in 13.5 seconds, 9.22 MB/s)
==========================
Mon Apr 27 11:11:07 PDT 2015
File s3://stochss-eu-west-1-bucket/candy.zip saved as '/mnt/candy.zip' (130412988 bytes in 12.3 seconds, 10.08 MB/s)
==========================
Mon Apr 27 11:16:05 PDT 2015
File s3://stochss-eu-west-1-bucket/candy.zip saved as '/mnt/candy.zip' (130412988 bytes in 19.8 seconds, 6.29 MB/s)
==========================
Mon Apr 27 11:21:07 PDT 2015
File s3://stochss-eu-west-1-bucket/candy.zip saved as '/mnt/candy.zip' (130412988 bytes in 13.6 seconds, 9.17 MB/s)
==========================
Mon Apr 27 11:26:03 PDT 2015
File s3://stochss-eu-west-1-bucket/candy.zip saved as '/mnt/candy.zip' (130412988 bytes in 11.7 seconds, 10.66 MB/s)
==========================
Mon Apr 27 11:31:04 PDT 2015
File s3://stochss-eu-west-1-bucket/candy.zip saved as '/mnt/candy.zip' (130412988 bytes in 26.8 seconds, 4.64 MB/s)
==========================
Mon Apr 27 11:36:03 PDT 2015
File s3://stochss-eu-west-1-bucket/candy.zip saved as '/mnt/candy.zip' (130412988 bytes in 24.8 seconds, 5.02 MB/s)
==========================
