Sun Apr 26 17:35:12 PDT 2015
File s3://stochss-us-east-1-bucket/candy.zip saved as '/mnt/candy.zip' (130412988 bytes in 4.1 seconds, 30.23 MB/s)
==========================
Sun Apr 26 17:40:11 PDT 2015
File s3://stochss-us-east-1-bucket/candy.zip saved as '/mnt/candy.zip' (130412988 bytes in 2.8 seconds, 44.61 MB/s)
==========================
Sun Apr 26 17:45:11 PDT 2015
File s3://stochss-us-east-1-bucket/candy.zip saved as '/mnt/candy.zip' (130412988 bytes in 3.9 seconds, 32.02 MB/s)
==========================
Sun Apr 26 17:50:12 PDT 2015
File s3://stochss-us-east-1-bucket/candy.zip saved as '/mnt/candy.zip' (130412988 bytes in 4.4 seconds, 28.27 MB/s)
==========================
Sun Apr 26 17:55:12 PDT 2015
File s3://stochss-us-east-1-bucket/candy.zip saved as '/mnt/candy.zip' (130412988 bytes in 3.6 seconds, 34.38 MB/s)
==========================
Sun Apr 26 18:00:12 PDT 2015
File s3://stochss-us-east-1-bucket/candy.zip saved as '/mnt/candy.zip' (130412988 bytes in 2.6 seconds, 48.36 MB/s)
==========================
Sun Apr 26 18:05:12 PDT 2015
File s3://stochss-us-east-1-bucket/candy.zip saved as '/mnt/candy.zip' (130412988 bytes in 3.7 seconds, 33.50 MB/s)
==========================
Sun Apr 26 18:10:12 PDT 2015
File s3://stochss-us-east-1-bucket/candy.zip saved as '/mnt/candy.zip' (130412988 bytes in 2.6 seconds, 48.03 MB/s)
==========================
Sun Apr 26 18:15:12 PDT 2015
File s3://stochss-us-east-1-bucket/candy.zip saved as '/mnt/candy.zip' (130412988 bytes in 3.1 seconds, 39.51 MB/s)
==========================
Sun Apr 26 18:20:12 PDT 2015
File s3://stochss-us-east-1-bucket/candy.zip saved as '/mnt/candy.zip' (130412988 bytes in 4.7 seconds, 26.55 MB/s)
==========================
Sun Apr 26 18:25:12 PDT 2015
File s3://stochss-us-east-1-bucket/candy.zip saved as '/mnt/candy.zip' (130412988 bytes in 2.6 seconds, 48.18 MB/s)
==========================
Sun Apr 26 18:30:12 PDT 2015
File s3://stochss-us-east-1-bucket/candy.zip saved as '/mnt/candy.zip' (130412988 bytes in 3.4 seconds, 37.03 MB/s)
==========================
Sun Apr 26 18:35:12 PDT 2015
File s3://stochss-us-east-1-bucket/candy.zip saved as '/mnt/candy.zip' (130412988 bytes in 49.8 seconds, 2.49 MB/s)
==========================
Sun Apr 26 18:40:12 PDT 2015
File s3://stochss-us-east-1-bucket/candy.zip saved as '/mnt/candy.zip' (130412988 bytes in 88.3 seconds, 1441.96 kB/s)
==========================
Sun Apr 26 18:45:12 PDT 2015
File s3://stochss-us-east-1-bucket/candy.zip saved as '/mnt/candy.zip' (130412988 bytes in 65.7 seconds, 1939.38 kB/s)
==========================
Sun Apr 26 18:50:12 PDT 2015
File s3://stochss-us-east-1-bucket/candy.zip saved as '/mnt/candy.zip' (130412988 bytes in 51.1 seconds, 2.43 MB/s)
==========================
Sun Apr 26 18:55:11 PDT 2015
File s3://stochss-us-east-1-bucket/candy.zip saved as '/mnt/candy.zip' (130412988 bytes in 50.8 seconds, 2.45 MB/s)
==========================
Sun Apr 26 19:00:15 PDT 2015
File s3://stochss-us-east-1-bucket/candy.zip saved as '/mnt/candy.zip' (130412988 bytes in 53.3 seconds, 2.34 MB/s)
==========================
Sun Apr 26 19:05:12 PDT 2015
File s3://stochss-us-east-1-bucket/candy.zip saved as '/mnt/candy.zip' (130412988 bytes in 50.2 seconds, 2.48 MB/s)
==========================
Sun Apr 26 19:10:12 PDT 2015
File s3://stochss-us-east-1-bucket/candy.zip saved as '/mnt/candy.zip' (130412988 bytes in 50.6 seconds, 2.46 MB/s)
==========================
Sun Apr 26 19:15:12 PDT 2015
File s3://stochss-us-east-1-bucket/candy.zip saved as '/mnt/candy.zip' (130412988 bytes in 49.5 seconds, 2.51 MB/s)
==========================
Sun Apr 26 19:20:12 PDT 2015
File s3://stochss-us-east-1-bucket/candy.zip saved as '/mnt/candy.zip' (130412988 bytes in 50.8 seconds, 2.45 MB/s)
==========================
Sun Apr 26 19:25:12 PDT 2015
File s3://stochss-us-east-1-bucket/candy.zip saved as '/mnt/candy.zip' (130412988 bytes in 50.7 seconds, 2.45 MB/s)
==========================
Sun Apr 26 19:30:12 PDT 2015
File s3://stochss-us-east-1-bucket/candy.zip saved as '/mnt/candy.zip' (130412988 bytes in 51.8 seconds, 2.40 MB/s)
==========================
Sun Apr 26 19:35:12 PDT 2015
File s3://stochss-us-east-1-bucket/candy.zip saved as '/mnt/candy.zip' (130412988 bytes in 52.5 seconds, 2.37 MB/s)
==========================
Sun Apr 26 19:40:12 PDT 2015
File s3://stochss-us-east-1-bucket/candy.zip saved as '/mnt/candy.zip' (130412988 bytes in 50.2 seconds, 2.48 MB/s)
==========================
Sun Apr 26 19:45:11 PDT 2015
File s3://stochss-us-east-1-bucket/candy.zip saved as '/mnt/candy.zip' (130412988 bytes in 67.3 seconds, 1892.01 kB/s)
==========================
Sun Apr 26 19:50:12 PDT 2015
File s3://stochss-us-east-1-bucket/candy.zip saved as '/mnt/candy.zip' (130412988 bytes in 49.0 seconds, 2.54 MB/s)
==========================
Sun Apr 26 19:55:12 PDT 2015
File s3://stochss-us-east-1-bucket/candy.zip saved as '/mnt/candy.zip' (130412988 bytes in 52.7 seconds, 2.36 MB/s)
==========================
Sun Apr 26 20:00:12 PDT 2015
File s3://stochss-us-east-1-bucket/candy.zip saved as '/mnt/candy.zip' (130412988 bytes in 53.8 seconds, 2.31 MB/s)
==========================
Sun Apr 26 20:05:12 PDT 2015
File s3://stochss-us-east-1-bucket/candy.zip saved as '/mnt/candy.zip' (130412988 bytes in 62.9 seconds, 2024.10 kB/s)
==========================
Sun Apr 26 20:10:12 PDT 2015
File s3://stochss-us-east-1-bucket/candy.zip saved as '/mnt/candy.zip' (130412988 bytes in 53.7 seconds, 2.32 MB/s)
==========================
Sun Apr 26 20:15:12 PDT 2015
File s3://stochss-us-east-1-bucket/candy.zip saved as '/mnt/candy.zip' (130412988 bytes in 81.8 seconds, 1557.81 kB/s)
==========================
Sun Apr 26 20:20:12 PDT 2015
File s3://stochss-us-east-1-bucket/candy.zip saved as '/mnt/candy.zip' (130412988 bytes in 52.8 seconds, 2.35 MB/s)
==========================
Sun Apr 26 20:25:12 PDT 2015
File s3://stochss-us-east-1-bucket/candy.zip saved as '/mnt/candy.zip' (130412988 bytes in 51.7 seconds, 2.40 MB/s)
==========================
Sun Apr 26 20:30:12 PDT 2015
File s3://stochss-us-east-1-bucket/candy.zip saved as '/mnt/candy.zip' (130412988 bytes in 51.9 seconds, 2.40 MB/s)
==========================
Sun Apr 26 20:35:12 PDT 2015
File s3://stochss-us-east-1-bucket/candy.zip saved as '/mnt/candy.zip' (130412988 bytes in 52.7 seconds, 2.36 MB/s)
==========================
Sun Apr 26 20:40:12 PDT 2015
File s3://stochss-us-east-1-bucket/candy.zip saved as '/mnt/candy.zip' (130412988 bytes in 50.7 seconds, 2.46 MB/s)
==========================
Sun Apr 26 20:45:12 PDT 2015
File s3://stochss-us-east-1-bucket/candy.zip saved as '/mnt/candy.zip' (130412988 bytes in 63.3 seconds, 2011.51 kB/s)
==========================
Sun Apr 26 20:50:12 PDT 2015
File s3://stochss-us-east-1-bucket/candy.zip saved as '/mnt/candy.zip' (130412988 bytes in 51.9 seconds, 2.40 MB/s)
==========================
Sun Apr 26 20:55:12 PDT 2015
File s3://stochss-us-east-1-bucket/candy.zip saved as '/mnt/candy.zip' (130412988 bytes in 50.6 seconds, 2.46 MB/s)
==========================
Sun Apr 26 21:00:12 PDT 2015
File s3://stochss-us-east-1-bucket/candy.zip saved as '/mnt/candy.zip' (130412988 bytes in 49.7 seconds, 2.50 MB/s)
==========================
Sun Apr 26 21:05:12 PDT 2015
File s3://stochss-us-east-1-bucket/candy.zip saved as '/mnt/candy.zip' (130412988 bytes in 49.3 seconds, 2.52 MB/s)
==========================
Sun Apr 26 21:10:12 PDT 2015
File s3://stochss-us-east-1-bucket/candy.zip saved as '/mnt/candy.zip' (130412988 bytes in 52.8 seconds, 2.36 MB/s)
==========================
Sun Apr 26 21:15:12 PDT 2015
File s3://stochss-us-east-1-bucket/candy.zip saved as '/mnt/candy.zip' (130412988 bytes in 50.1 seconds, 2.48 MB/s)
==========================
Sun Apr 26 21:20:12 PDT 2015
File s3://stochss-us-east-1-bucket/candy.zip saved as '/mnt/candy.zip' (130412988 bytes in 51.9 seconds, 2.40 MB/s)
==========================
Sun Apr 26 21:25:12 PDT 2015
File s3://stochss-us-east-1-bucket/candy.zip saved as '/mnt/candy.zip' (130412988 bytes in 50.0 seconds, 2.49 MB/s)
==========================
Sun Apr 26 21:30:12 PDT 2015
File s3://stochss-us-east-1-bucket/candy.zip saved as '/mnt/candy.zip' (130412988 bytes in 52.5 seconds, 2.37 MB/s)
==========================
Sun Apr 26 21:35:12 PDT 2015
File s3://stochss-us-east-1-bucket/candy.zip saved as '/mnt/candy.zip' (130412988 bytes in 51.6 seconds, 2.41 MB/s)
==========================
Sun Apr 26 21:40:12 PDT 2015
File s3://stochss-us-east-1-bucket/candy.zip saved as '/mnt/candy.zip' (130412988 bytes in 49.4 seconds, 2.52 MB/s)
==========================
Sun Apr 26 21:45:12 PDT 2015
File s3://stochss-us-east-1-bucket/candy.zip saved as '/mnt/candy.zip' (130412988 bytes in 51.5 seconds, 2.42 MB/s)
==========================
Sun Apr 26 21:50:11 PDT 2015
File s3://stochss-us-east-1-bucket/candy.zip saved as '/mnt/candy.zip' (130412988 bytes in 51.4 seconds, 2.42 MB/s)
==========================
Sun Apr 26 21:55:12 PDT 2015
File s3://stochss-us-east-1-bucket/candy.zip saved as '/mnt/candy.zip' (130412988 bytes in 52.2 seconds, 2.38 MB/s)
==========================
Sun Apr 26 22:00:12 PDT 2015
File s3://stochss-us-east-1-bucket/candy.zip saved as '/mnt/candy.zip' (130412988 bytes in 50.4 seconds, 2.47 MB/s)
==========================
Sun Apr 26 22:05:12 PDT 2015
File s3://stochss-us-east-1-bucket/candy.zip saved as '/mnt/candy.zip' (130412988 bytes in 52.8 seconds, 2.36 MB/s)
==========================
Sun Apr 26 22:10:11 PDT 2015
File s3://stochss-us-east-1-bucket/candy.zip saved as '/mnt/candy.zip' (130412988 bytes in 52.5 seconds, 2.37 MB/s)
==========================
Sun Apr 26 22:15:12 PDT 2015
File s3://stochss-us-east-1-bucket/candy.zip saved as '/mnt/candy.zip' (130412988 bytes in 54.7 seconds, 2.27 MB/s)
==========================
Sun Apr 26 22:20:12 PDT 2015
File s3://stochss-us-east-1-bucket/candy.zip saved as '/mnt/candy.zip' (130412988 bytes in 52.3 seconds, 2.38 MB/s)
==========================
Sun Apr 26 22:25:12 PDT 2015
File s3://stochss-us-east-1-bucket/candy.zip saved as '/mnt/candy.zip' (130412988 bytes in 52.4 seconds, 2.37 MB/s)
==========================
Sun Apr 26 22:30:11 PDT 2015
File s3://stochss-us-east-1-bucket/candy.zip saved as '/mnt/candy.zip' (130412988 bytes in 52.5 seconds, 2.37 MB/s)
==========================
Sun Apr 26 22:35:12 PDT 2015
File s3://stochss-us-east-1-bucket/candy.zip saved as '/mnt/candy.zip' (130412988 bytes in 52.5 seconds, 2.37 MB/s)
==========================
Sun Apr 26 22:40:12 PDT 2015
File s3://stochss-us-east-1-bucket/candy.zip saved as '/mnt/candy.zip' (130412988 bytes in 49.4 seconds, 2.52 MB/s)
==========================
Sun Apr 26 22:45:12 PDT 2015
File s3://stochss-us-east-1-bucket/candy.zip saved as '/mnt/candy.zip' (130412988 bytes in 54.6 seconds, 2.28 MB/s)
==========================
Sun Apr 26 22:50:12 PDT 2015
File s3://stochss-us-east-1-bucket/candy.zip saved as '/mnt/candy.zip' (130412988 bytes in 53.2 seconds, 2.34 MB/s)
==========================
Sun Apr 26 22:55:12 PDT 2015
File s3://stochss-us-east-1-bucket/candy.zip saved as '/mnt/candy.zip' (130412988 bytes in 49.8 seconds, 2.50 MB/s)
==========================
Sun Apr 26 23:00:12 PDT 2015
File s3://stochss-us-east-1-bucket/candy.zip saved as '/mnt/candy.zip' (130412988 bytes in 50.6 seconds, 2.46 MB/s)
==========================
Sun Apr 26 23:05:11 PDT 2015
File s3://stochss-us-east-1-bucket/candy.zip saved as '/mnt/candy.zip' (130412988 bytes in 51.7 seconds, 2.41 MB/s)
==========================
Sun Apr 26 23:10:12 PDT 2015
File s3://stochss-us-east-1-bucket/candy.zip saved as '/mnt/candy.zip' (130412988 bytes in 49.6 seconds, 2.51 MB/s)
==========================
Sun Apr 26 23:15:12 PDT 2015
File s3://stochss-us-east-1-bucket/candy.zip saved as '/mnt/candy.zip' (130412988 bytes in 51.0 seconds, 2.44 MB/s)
==========================
Sun Apr 26 23:20:12 PDT 2015
File s3://stochss-us-east-1-bucket/candy.zip saved as '/mnt/candy.zip' (130412988 bytes in 63.4 seconds, 2008.28 kB/s)
==========================
Sun Apr 26 23:25:12 PDT 2015
File s3://stochss-us-east-1-bucket/candy.zip saved as '/mnt/candy.zip' (130412988 bytes in 50.8 seconds, 2.45 MB/s)
==========================
Sun Apr 26 23:30:12 PDT 2015
File s3://stochss-us-east-1-bucket/candy.zip saved as '/mnt/candy.zip' (130412988 bytes in 50.1 seconds, 2.48 MB/s)
==========================
Sun Apr 26 23:35:12 PDT 2015
File s3://stochss-us-east-1-bucket/candy.zip saved as '/mnt/candy.zip' (130412988 bytes in 51.0 seconds, 2.44 MB/s)
==========================
Sun Apr 26 23:40:12 PDT 2015
File s3://stochss-us-east-1-bucket/candy.zip saved as '/mnt/candy.zip' (130412988 bytes in 49.2 seconds, 2.53 MB/s)
==========================
Sun Apr 26 23:45:12 PDT 2015
File s3://stochss-us-east-1-bucket/candy.zip saved as '/mnt/candy.zip' (130412988 bytes in 52.7 seconds, 2.36 MB/s)
==========================
Sun Apr 26 23:50:11 PDT 2015
File s3://stochss-us-east-1-bucket/candy.zip saved as '/mnt/candy.zip' (130412988 bytes in 51.6 seconds, 2.41 MB/s)
==========================
Sun Apr 26 23:55:12 PDT 2015
File s3://stochss-us-east-1-bucket/candy.zip saved as '/mnt/candy.zip' (130412988 bytes in 53.8 seconds, 2.31 MB/s)
==========================
Mon Apr 27 00:00:12 PDT 2015
File s3://stochss-us-east-1-bucket/candy.zip saved as '/mnt/candy.zip' (130412988 bytes in 48.5 seconds, 2.57 MB/s)
==========================
Mon Apr 27 00:05:12 PDT 2015
File s3://stochss-us-east-1-bucket/candy.zip saved as '/mnt/candy.zip' (130412988 bytes in 51.2 seconds, 2.43 MB/s)
==========================
Mon Apr 27 00:10:12 PDT 2015
File s3://stochss-us-east-1-bucket/candy.zip saved as '/mnt/candy.zip' (130412988 bytes in 52.1 seconds, 2.39 MB/s)
==========================
Mon Apr 27 00:15:12 PDT 2015
File s3://stochss-us-east-1-bucket/candy.zip saved as '/mnt/candy.zip' (130412988 bytes in 51.4 seconds, 2.42 MB/s)
==========================
Mon Apr 27 00:20:12 PDT 2015
File s3://stochss-us-east-1-bucket/candy.zip saved as '/mnt/candy.zip' (130412988 bytes in 50.3 seconds, 2.47 MB/s)
==========================
Mon Apr 27 00:25:12 PDT 2015
File s3://stochss-us-east-1-bucket/candy.zip saved as '/mnt/candy.zip' (130412988 bytes in 54.7 seconds, 2.28 MB/s)
==========================
Mon Apr 27 00:30:12 PDT 2015
File s3://stochss-us-east-1-bucket/candy.zip saved as '/mnt/candy.zip' (130412988 bytes in 52.6 seconds, 2.36 MB/s)
==========================
Mon Apr 27 00:35:12 PDT 2015
File s3://stochss-us-east-1-bucket/candy.zip saved as '/mnt/candy.zip' (130412988 bytes in 53.5 seconds, 2.33 MB/s)
==========================
Mon Apr 27 00:40:12 PDT 2015
File s3://stochss-us-east-1-bucket/candy.zip saved as '/mnt/candy.zip' (130412988 bytes in 52.0 seconds, 2.39 MB/s)
==========================
Mon Apr 27 00:45:12 PDT 2015
File s3://stochss-us-east-1-bucket/candy.zip saved as '/mnt/candy.zip' (130412988 bytes in 51.5 seconds, 2.42 MB/s)
==========================
Mon Apr 27 00:50:12 PDT 2015
File s3://stochss-us-east-1-bucket/candy.zip saved as '/mnt/candy.zip' (130412988 bytes in 49.6 seconds, 2.51 MB/s)
==========================
Mon Apr 27 00:55:12 PDT 2015
File s3://stochss-us-east-1-bucket/candy.zip saved as '/mnt/candy.zip' (130412988 bytes in 51.1 seconds, 2.43 MB/s)
==========================
Mon Apr 27 01:00:12 PDT 2015
File s3://stochss-us-east-1-bucket/candy.zip saved as '/mnt/candy.zip' (130412988 bytes in 50.4 seconds, 2.47 MB/s)
==========================
Mon Apr 27 01:05:12 PDT 2015
File s3://stochss-us-east-1-bucket/candy.zip saved as '/mnt/candy.zip' (130412988 bytes in 52.5 seconds, 2.37 MB/s)
==========================
Mon Apr 27 01:10:12 PDT 2015
File s3://stochss-us-east-1-bucket/candy.zip saved as '/mnt/candy.zip' (130412988 bytes in 52.7 seconds, 2.36 MB/s)
==========================
Mon Apr 27 01:15:12 PDT 2015
File s3://stochss-us-east-1-bucket/candy.zip saved as '/mnt/candy.zip' (130412988 bytes in 50.3 seconds, 2.47 MB/s)
==========================
Mon Apr 27 01:20:12 PDT 2015
File s3://stochss-us-east-1-bucket/candy.zip saved as '/mnt/candy.zip' (130412988 bytes in 50.6 seconds, 2.46 MB/s)
==========================
Mon Apr 27 01:25:12 PDT 2015
File s3://stochss-us-east-1-bucket/candy.zip saved as '/mnt/candy.zip' (130412988 bytes in 51.0 seconds, 2.44 MB/s)
==========================
Mon Apr 27 01:30:12 PDT 2015
File s3://stochss-us-east-1-bucket/candy.zip saved as '/mnt/candy.zip' (130412988 bytes in 49.5 seconds, 2.51 MB/s)
==========================
Mon Apr 27 01:35:12 PDT 2015
File s3://stochss-us-east-1-bucket/candy.zip saved as '/mnt/candy.zip' (130412988 bytes in 46.0 seconds, 2.71 MB/s)
==========================
Mon Apr 27 01:40:12 PDT 2015
File s3://stochss-us-east-1-bucket/candy.zip saved as '/mnt/candy.zip' (130412988 bytes in 54.0 seconds, 2.30 MB/s)
==========================
Mon Apr 27 01:45:12 PDT 2015
File s3://stochss-us-east-1-bucket/candy.zip saved as '/mnt/candy.zip' (130412988 bytes in 51.7 seconds, 2.41 MB/s)
==========================
Mon Apr 27 01:50:12 PDT 2015
File s3://stochss-us-east-1-bucket/candy.zip saved as '/mnt/candy.zip' (130412988 bytes in 51.3 seconds, 2.42 MB/s)
==========================
Mon Apr 27 01:55:12 PDT 2015
File s3://stochss-us-east-1-bucket/candy.zip saved as '/mnt/candy.zip' (130412988 bytes in 54.1 seconds, 2.30 MB/s)
==========================
Mon Apr 27 02:00:12 PDT 2015
File s3://stochss-us-east-1-bucket/candy.zip saved as '/mnt/candy.zip' (130412988 bytes in 51.1 seconds, 2.43 MB/s)
==========================
Mon Apr 27 02:05:12 PDT 2015
File s3://stochss-us-east-1-bucket/candy.zip saved as '/mnt/candy.zip' (130412988 bytes in 73.2 seconds, 1740.34 kB/s)
==========================
Mon Apr 27 02:10:12 PDT 2015
File s3://stochss-us-east-1-bucket/candy.zip saved as '/mnt/candy.zip' (130412988 bytes in 48.3 seconds, 2.57 MB/s)
==========================
Mon Apr 27 02:15:12 PDT 2015
File s3://stochss-us-east-1-bucket/candy.zip saved as '/mnt/candy.zip' (130412988 bytes in 53.4 seconds, 2.33 MB/s)
==========================
Mon Apr 27 02:20:12 PDT 2015
File s3://stochss-us-east-1-bucket/candy.zip saved as '/mnt/candy.zip' (130412988 bytes in 48.9 seconds, 2.55 MB/s)
==========================
Mon Apr 27 02:25:12 PDT 2015
File s3://stochss-us-east-1-bucket/candy.zip saved as '/mnt/candy.zip' (130412988 bytes in 52.6 seconds, 2.36 MB/s)
==========================
Mon Apr 27 02:30:12 PDT 2015
File s3://stochss-us-east-1-bucket/candy.zip saved as '/mnt/candy.zip' (130412988 bytes in 48.9 seconds, 2.54 MB/s)
==========================
Mon Apr 27 02:35:12 PDT 2015
File s3://stochss-us-east-1-bucket/candy.zip saved as '/mnt/candy.zip' (130412988 bytes in 53.9 seconds, 2.31 MB/s)
==========================
Mon Apr 27 02:40:12 PDT 2015
File s3://stochss-us-east-1-bucket/candy.zip saved as '/mnt/candy.zip' (130412988 bytes in 50.4 seconds, 2.47 MB/s)
==========================
Mon Apr 27 02:45:12 PDT 2015
File s3://stochss-us-east-1-bucket/candy.zip saved as '/mnt/candy.zip' (130412988 bytes in 51.2 seconds, 2.43 MB/s)
==========================
Mon Apr 27 02:50:12 PDT 2015
File s3://stochss-us-east-1-bucket/candy.zip saved as '/mnt/candy.zip' (130412988 bytes in 51.8 seconds, 2.40 MB/s)
==========================
Mon Apr 27 02:55:12 PDT 2015
File s3://stochss-us-east-1-bucket/candy.zip saved as '/mnt/candy.zip' (130412988 bytes in 52.7 seconds, 2.36 MB/s)
==========================
Mon Apr 27 03:00:12 PDT 2015
File s3://stochss-us-east-1-bucket/candy.zip saved as '/mnt/candy.zip' (130412988 bytes in 51.6 seconds, 2.41 MB/s)
==========================
Mon Apr 27 03:05:12 PDT 2015
File s3://stochss-us-east-1-bucket/candy.zip saved as '/mnt/candy.zip' (130412988 bytes in 51.4 seconds, 2.42 MB/s)
==========================
Mon Apr 27 03:10:12 PDT 2015
File s3://stochss-us-east-1-bucket/candy.zip saved as '/mnt/candy.zip' (130412988 bytes in 62.3 seconds, 2044.59 kB/s)
==========================
Mon Apr 27 03:15:12 PDT 2015
File s3://stochss-us-east-1-bucket/candy.zip saved as '/mnt/candy.zip' (130412988 bytes in 51.8 seconds, 2.40 MB/s)
==========================
Mon Apr 27 03:20:12 PDT 2015
File s3://stochss-us-east-1-bucket/candy.zip saved as '/mnt/candy.zip' (130412988 bytes in 53.1 seconds, 2.34 MB/s)
==========================
Mon Apr 27 03:25:12 PDT 2015
File s3://stochss-us-east-1-bucket/candy.zip saved as '/mnt/candy.zip' (130412988 bytes in 51.1 seconds, 2.43 MB/s)
==========================
Mon Apr 27 03:30:12 PDT 2015
File s3://stochss-us-east-1-bucket/candy.zip saved as '/mnt/candy.zip' (130412988 bytes in 51.1 seconds, 2.44 MB/s)
==========================
Mon Apr 27 03:35:12 PDT 2015
File s3://stochss-us-east-1-bucket/candy.zip saved as '/mnt/candy.zip' (130412988 bytes in 51.6 seconds, 2.41 MB/s)
==========================
Mon Apr 27 03:40:12 PDT 2015
File s3://stochss-us-east-1-bucket/candy.zip saved as '/mnt/candy.zip' (130412988 bytes in 55.7 seconds, 2.23 MB/s)
==========================
Mon Apr 27 03:45:12 PDT 2015
File s3://stochss-us-east-1-bucket/candy.zip saved as '/mnt/candy.zip' (130412988 bytes in 48.7 seconds, 2.55 MB/s)
==========================
Mon Apr 27 03:50:12 PDT 2015
File s3://stochss-us-east-1-bucket/candy.zip saved as '/mnt/candy.zip' (130412988 bytes in 52.4 seconds, 2.37 MB/s)
==========================
Mon Apr 27 03:55:12 PDT 2015
File s3://stochss-us-east-1-bucket/candy.zip saved as '/mnt/candy.zip' (130412988 bytes in 52.3 seconds, 2.38 MB/s)
==========================
Mon Apr 27 04:00:12 PDT 2015
File s3://stochss-us-east-1-bucket/candy.zip saved as '/mnt/candy.zip' (130412988 bytes in 50.0 seconds, 2.49 MB/s)
==========================
Mon Apr 27 04:05:12 PDT 2015
File s3://stochss-us-east-1-bucket/candy.zip saved as '/mnt/candy.zip' (130412988 bytes in 48.8 seconds, 2.55 MB/s)
==========================
Mon Apr 27 04:10:12 PDT 2015
File s3://stochss-us-east-1-bucket/candy.zip saved as '/mnt/candy.zip' (130412988 bytes in 62.3 seconds, 2044.77 kB/s)
==========================
Mon Apr 27 04:15:12 PDT 2015
File s3://stochss-us-east-1-bucket/candy.zip saved as '/mnt/candy.zip' (130412988 bytes in 54.6 seconds, 2.28 MB/s)
==========================
Mon Apr 27 04:20:12 PDT 2015
File s3://stochss-us-east-1-bucket/candy.zip saved as '/mnt/candy.zip' (130412988 bytes in 49.9 seconds, 2.49 MB/s)
==========================
Mon Apr 27 04:25:11 PDT 2015
File s3://stochss-us-east-1-bucket/candy.zip saved as '/mnt/candy.zip' (130412988 bytes in 50.1 seconds, 2.48 MB/s)
==========================
Mon Apr 27 04:30:12 PDT 2015
File s3://stochss-us-east-1-bucket/candy.zip saved as '/mnt/candy.zip' (130412988 bytes in 47.0 seconds, 2.64 MB/s)
==========================
Mon Apr 27 04:35:12 PDT 2015
File s3://stochss-us-east-1-bucket/candy.zip saved as '/mnt/candy.zip' (130412988 bytes in 51.1 seconds, 2.44 MB/s)
==========================
Mon Apr 27 04:40:11 PDT 2015
File s3://stochss-us-east-1-bucket/candy.zip saved as '/mnt/candy.zip' (130412988 bytes in 48.1 seconds, 2.59 MB/s)
==========================
Mon Apr 27 04:45:12 PDT 2015
File s3://stochss-us-east-1-bucket/candy.zip saved as '/mnt/candy.zip' (130412988 bytes in 50.2 seconds, 2.48 MB/s)
==========================
Mon Apr 27 04:50:12 PDT 2015
File s3://stochss-us-east-1-bucket/candy.zip saved as '/mnt/candy.zip' (130412988 bytes in 51.7 seconds, 2.40 MB/s)
==========================
Mon Apr 27 04:55:12 PDT 2015
File s3://stochss-us-east-1-bucket/candy.zip saved as '/mnt/candy.zip' (130412988 bytes in 52.9 seconds, 2.35 MB/s)
==========================
Mon Apr 27 05:00:12 PDT 2015
File s3://stochss-us-east-1-bucket/candy.zip saved as '/mnt/candy.zip' (130412988 bytes in 52.7 seconds, 2.36 MB/s)
==========================
Mon Apr 27 05:05:12 PDT 2015
File s3://stochss-us-east-1-bucket/candy.zip saved as '/mnt/candy.zip' (130412988 bytes in 61.7 seconds, 2.02 MB/s)
==========================
Mon Apr 27 05:10:12 PDT 2015
File s3://stochss-us-east-1-bucket/candy.zip saved as '/mnt/candy.zip' (130412988 bytes in 50.3 seconds, 2.47 MB/s)
==========================
Mon Apr 27 05:15:12 PDT 2015
File s3://stochss-us-east-1-bucket/candy.zip saved as '/mnt/candy.zip' (130412988 bytes in 54.3 seconds, 2.29 MB/s)
==========================
Mon Apr 27 05:20:12 PDT 2015
File s3://stochss-us-east-1-bucket/candy.zip saved as '/mnt/candy.zip' (130412988 bytes in 51.1 seconds, 2.43 MB/s)
==========================
Mon Apr 27 05:25:12 PDT 2015
File s3://stochss-us-east-1-bucket/candy.zip saved as '/mnt/candy.zip' (130412988 bytes in 50.7 seconds, 2.45 MB/s)
==========================
Mon Apr 27 05:30:12 PDT 2015
File s3://stochss-us-east-1-bucket/candy.zip saved as '/mnt/candy.zip' (130412988 bytes in 56.4 seconds, 2.21 MB/s)
==========================
Mon Apr 27 05:35:12 PDT 2015
File s3://stochss-us-east-1-bucket/candy.zip saved as '/mnt/candy.zip' (130412988 bytes in 48.3 seconds, 2.57 MB/s)
==========================
Mon Apr 27 05:40:12 PDT 2015
File s3://stochss-us-east-1-bucket/candy.zip saved as '/mnt/candy.zip' (130412988 bytes in 49.6 seconds, 2.51 MB/s)
==========================
Mon Apr 27 05:45:12 PDT 2015
File s3://stochss-us-east-1-bucket/candy.zip saved as '/mnt/candy.zip' (130412988 bytes in 51.2 seconds, 2.43 MB/s)
==========================
Mon Apr 27 05:50:12 PDT 2015
File s3://stochss-us-east-1-bucket/candy.zip saved as '/mnt/candy.zip' (130412988 bytes in 52.8 seconds, 2.36 MB/s)
==========================
Mon Apr 27 05:55:12 PDT 2015
File s3://stochss-us-east-1-bucket/candy.zip saved as '/mnt/candy.zip' (130412988 bytes in 55.1 seconds, 2.26 MB/s)
==========================
Mon Apr 27 06:00:12 PDT 2015
File s3://stochss-us-east-1-bucket/candy.zip saved as '/mnt/candy.zip' (130412988 bytes in 52.7 seconds, 2.36 MB/s)
==========================
Mon Apr 27 06:05:12 PDT 2015
File s3://stochss-us-east-1-bucket/candy.zip saved as '/mnt/candy.zip' (130412988 bytes in 52.8 seconds, 2.35 MB/s)
==========================
Mon Apr 27 06:10:12 PDT 2015
File s3://stochss-us-east-1-bucket/candy.zip saved as '/mnt/candy.zip' (130412988 bytes in 50.7 seconds, 2.45 MB/s)
==========================
Mon Apr 27 06:15:12 PDT 2015
File s3://stochss-us-east-1-bucket/candy.zip saved as '/mnt/candy.zip' (130412988 bytes in 53.3 seconds, 2.33 MB/s)
==========================
Mon Apr 27 06:20:12 PDT 2015
File s3://stochss-us-east-1-bucket/candy.zip saved as '/mnt/candy.zip' (130412988 bytes in 48.8 seconds, 2.55 MB/s)
==========================
Mon Apr 27 06:25:12 PDT 2015
File s3://stochss-us-east-1-bucket/candy.zip saved as '/mnt/candy.zip' (130412988 bytes in 51.7 seconds, 2.41 MB/s)
==========================
Mon Apr 27 06:30:11 PDT 2015
File s3://stochss-us-east-1-bucket/candy.zip saved as '/mnt/candy.zip' (130412988 bytes in 55.3 seconds, 2.25 MB/s)
==========================
Mon Apr 27 06:35:12 PDT 2015
File s3://stochss-us-east-1-bucket/candy.zip saved as '/mnt/candy.zip' (130412988 bytes in 52.3 seconds, 2.38 MB/s)
==========================
Mon Apr 27 06:40:12 PDT 2015
File s3://stochss-us-east-1-bucket/candy.zip saved as '/mnt/candy.zip' (130412988 bytes in 50.3 seconds, 2.47 MB/s)
==========================
Mon Apr 27 06:45:12 PDT 2015
File s3://stochss-us-east-1-bucket/candy.zip saved as '/mnt/candy.zip' (130412988 bytes in 50.6 seconds, 2.46 MB/s)
==========================
Mon Apr 27 06:50:12 PDT 2015
File s3://stochss-us-east-1-bucket/candy.zip saved as '/mnt/candy.zip' (130412988 bytes in 50.0 seconds, 2.49 MB/s)
==========================
Mon Apr 27 06:55:12 PDT 2015
File s3://stochss-us-east-1-bucket/candy.zip saved as '/mnt/candy.zip' (130412988 bytes in 51.5 seconds, 2.41 MB/s)
==========================
Mon Apr 27 07:00:12 PDT 2015
File s3://stochss-us-east-1-bucket/candy.zip saved as '/mnt/candy.zip' (130412988 bytes in 46.0 seconds, 2.71 MB/s)
==========================
Mon Apr 27 07:05:12 PDT 2015
File s3://stochss-us-east-1-bucket/candy.zip saved as '/mnt/candy.zip' (130412988 bytes in 45.2 seconds, 2.75 MB/s)
==========================
Mon Apr 27 07:10:12 PDT 2015
File s3://stochss-us-east-1-bucket/candy.zip saved as '/mnt/candy.zip' (130412988 bytes in 51.0 seconds, 2.44 MB/s)
==========================
Mon Apr 27 07:15:12 PDT 2015
File s3://stochss-us-east-1-bucket/candy.zip saved as '/mnt/candy.zip' (130412988 bytes in 54.0 seconds, 2.30 MB/s)
==========================
Mon Apr 27 07:20:12 PDT 2015
File s3://stochss-us-east-1-bucket/candy.zip saved as '/mnt/candy.zip' (130412988 bytes in 50.0 seconds, 2.49 MB/s)
==========================
Mon Apr 27 07:25:13 PDT 2015
File s3://stochss-us-east-1-bucket/candy.zip saved as '/mnt/candy.zip' (130412988 bytes in 52.3 seconds, 2.38 MB/s)
==========================
Mon Apr 27 07:30:12 PDT 2015
File s3://stochss-us-east-1-bucket/candy.zip saved as '/mnt/candy.zip' (130412988 bytes in 50.9 seconds, 2.45 MB/s)
==========================
Mon Apr 27 07:35:11 PDT 2015
File s3://stochss-us-east-1-bucket/candy.zip saved as '/mnt/candy.zip' (130412988 bytes in 51.6 seconds, 2.41 MB/s)
==========================
Mon Apr 27 07:40:12 PDT 2015
File s3://stochss-us-east-1-bucket/candy.zip saved as '/mnt/candy.zip' (130412988 bytes in 50.7 seconds, 2.45 MB/s)
==========================
Mon Apr 27 07:45:12 PDT 2015
File s3://stochss-us-east-1-bucket/candy.zip saved as '/mnt/candy.zip' (130412988 bytes in 51.2 seconds, 2.43 MB/s)
==========================
Mon Apr 27 07:50:12 PDT 2015
File s3://stochss-us-east-1-bucket/candy.zip saved as '/mnt/candy.zip' (130412988 bytes in 80.8 seconds, 1576.84 kB/s)
==========================
Mon Apr 27 07:55:12 PDT 2015
File s3://stochss-us-east-1-bucket/candy.zip saved as '/mnt/candy.zip' (130412988 bytes in 51.3 seconds, 2.42 MB/s)
==========================
Mon Apr 27 08:00:12 PDT 2015
File s3://stochss-us-east-1-bucket/candy.zip saved as '/mnt/candy.zip' (130412988 bytes in 51.1 seconds, 2.43 MB/s)
==========================
Mon Apr 27 08:05:12 PDT 2015
File s3://stochss-us-east-1-bucket/candy.zip saved as '/mnt/candy.zip' (130412988 bytes in 50.7 seconds, 2.45 MB/s)
==========================
Mon Apr 27 08:10:11 PDT 2015
File s3://stochss-us-east-1-bucket/candy.zip saved as '/mnt/candy.zip' (130412988 bytes in 58.8 seconds, 2.12 MB/s)
==========================
Mon Apr 27 08:15:12 PDT 2015
File s3://stochss-us-east-1-bucket/candy.zip saved as '/mnt/candy.zip' (130412988 bytes in 51.0 seconds, 2.44 MB/s)
==========================
Mon Apr 27 08:20:12 PDT 2015
File s3://stochss-us-east-1-bucket/candy.zip saved as '/mnt/candy.zip' (130412988 bytes in 55.6 seconds, 2.24 MB/s)
==========================
Mon Apr 27 08:25:12 PDT 2015
File s3://stochss-us-east-1-bucket/candy.zip saved as '/mnt/candy.zip' (130412988 bytes in 53.4 seconds, 2.33 MB/s)
==========================
Mon Apr 27 08:30:12 PDT 2015
File s3://stochss-us-east-1-bucket/candy.zip saved as '/mnt/candy.zip' (130412988 bytes in 54.9 seconds, 2.27 MB/s)
==========================
Mon Apr 27 08:35:12 PDT 2015
File s3://stochss-us-east-1-bucket/candy.zip saved as '/mnt/candy.zip' (130412988 bytes in 44.7 seconds, 2.78 MB/s)
==========================
Mon Apr 27 08:40:12 PDT 2015
File s3://stochss-us-east-1-bucket/candy.zip saved as '/mnt/candy.zip' (130412988 bytes in 53.6 seconds, 2.32 MB/s)
==========================
Mon Apr 27 08:45:12 PDT 2015
File s3://stochss-us-east-1-bucket/candy.zip saved as '/mnt/candy.zip' (130412988 bytes in 48.8 seconds, 2.55 MB/s)
==========================
Mon Apr 27 08:50:12 PDT 2015
File s3://stochss-us-east-1-bucket/candy.zip saved as '/mnt/candy.zip' (130412988 bytes in 47.2 seconds, 2.64 MB/s)
==========================
Mon Apr 27 08:55:12 PDT 2015
File s3://stochss-us-east-1-bucket/candy.zip saved as '/mnt/candy.zip' (130412988 bytes in 51.8 seconds, 2.40 MB/s)
==========================
Mon Apr 27 09:00:12 PDT 2015
File s3://stochss-us-east-1-bucket/candy.zip saved as '/mnt/candy.zip' (130412988 bytes in 54.0 seconds, 2.30 MB/s)
==========================
Mon Apr 27 09:05:12 PDT 2015
File s3://stochss-us-east-1-bucket/candy.zip saved as '/mnt/candy.zip' (130412988 bytes in 56.3 seconds, 2.21 MB/s)
==========================
Mon Apr 27 09:10:12 PDT 2015
File s3://stochss-us-east-1-bucket/candy.zip saved as '/mnt/candy.zip' (130412988 bytes in 56.1 seconds, 2.22 MB/s)
==========================
Mon Apr 27 09:15:12 PDT 2015
File s3://stochss-us-east-1-bucket/candy.zip saved as '/mnt/candy.zip' (130412988 bytes in 52.8 seconds, 2.35 MB/s)
==========================
Mon Apr 27 09:20:12 PDT 2015
File s3://stochss-us-east-1-bucket/candy.zip saved as '/mnt/candy.zip' (130412988 bytes in 51.5 seconds, 2.41 MB/s)
==========================
Mon Apr 27 09:25:12 PDT 2015
File s3://stochss-us-east-1-bucket/candy.zip saved as '/mnt/candy.zip' (130412988 bytes in 75.3 seconds, 1691.39 kB/s)
==========================
Mon Apr 27 09:30:12 PDT 2015
File s3://stochss-us-east-1-bucket/candy.zip saved as '/mnt/candy.zip' (130412988 bytes in 57.6 seconds, 2.16 MB/s)
==========================
Mon Apr 27 09:35:12 PDT 2015
File s3://stochss-us-east-1-bucket/candy.zip saved as '/mnt/candy.zip' (130412988 bytes in 54.5 seconds, 2.28 MB/s)
==========================
Mon Apr 27 09:40:12 PDT 2015
File s3://stochss-us-east-1-bucket/candy.zip saved as '/mnt/candy.zip' (130412988 bytes in 52.1 seconds, 2.39 MB/s)
==========================
Mon Apr 27 09:45:12 PDT 2015
File s3://stochss-us-east-1-bucket/candy.zip saved as '/mnt/candy.zip' (130412988 bytes in 50.0 seconds, 2.49 MB/s)
==========================
Mon Apr 27 09:50:12 PDT 2015
File s3://stochss-us-east-1-bucket/candy.zip saved as '/mnt/candy.zip' (130412988 bytes in 54.3 seconds, 2.29 MB/s)
==========================
Mon Apr 27 09:55:12 PDT 2015
File s3://stochss-us-east-1-bucket/candy.zip saved as '/mnt/candy.zip' (130412988 bytes in 61.2 seconds, 2.03 MB/s)
==========================
Mon Apr 27 10:00:12 PDT 2015
File s3://stochss-us-east-1-bucket/candy.zip saved as '/mnt/candy.zip' (130412988 bytes in 54.0 seconds, 2.30 MB/s)
==========================
Mon Apr 27 10:05:12 PDT 2015
File s3://stochss-us-east-1-bucket/candy.zip saved as '/mnt/candy.zip' (130412988 bytes in 54.5 seconds, 2.28 MB/s)
==========================
Mon Apr 27 10:10:12 PDT 2015
File s3://stochss-us-east-1-bucket/candy.zip saved as '/mnt/candy.zip' (130412988 bytes in 52.0 seconds, 2.39 MB/s)
==========================
Mon Apr 27 10:15:12 PDT 2015
File s3://stochss-us-east-1-bucket/candy.zip saved as '/mnt/candy.zip' (130412988 bytes in 54.1 seconds, 2.30 MB/s)
==========================
Mon Apr 27 10:20:12 PDT 2015
File s3://stochss-us-east-1-bucket/candy.zip saved as '/mnt/candy.zip' (130412988 bytes in 51.8 seconds, 2.40 MB/s)
==========================
Mon Apr 27 10:25:12 PDT 2015
File s3://stochss-us-east-1-bucket/candy.zip saved as '/mnt/candy.zip' (130412988 bytes in 51.2 seconds, 2.43 MB/s)
==========================
Mon Apr 27 10:30:12 PDT 2015
File s3://stochss-us-east-1-bucket/candy.zip saved as '/mnt/candy.zip' (130412988 bytes in 53.9 seconds, 2.31 MB/s)
==========================
Mon Apr 27 10:35:12 PDT 2015
File s3://stochss-us-east-1-bucket/candy.zip saved as '/mnt/candy.zip' (130412988 bytes in 52.6 seconds, 2.37 MB/s)
==========================
Mon Apr 27 10:40:11 PDT 2015
File s3://stochss-us-east-1-bucket/candy.zip saved as '/mnt/candy.zip' (130412988 bytes in 60.6 seconds, 2.05 MB/s)
==========================
Mon Apr 27 10:45:12 PDT 2015
File s3://stochss-us-east-1-bucket/candy.zip saved as '/mnt/candy.zip' (130412988 bytes in 49.9 seconds, 2.49 MB/s)
==========================
Mon Apr 27 10:50:12 PDT 2015
File s3://stochss-us-east-1-bucket/candy.zip saved as '/mnt/candy.zip' (130412988 bytes in 53.1 seconds, 2.34 MB/s)
==========================
Mon Apr 27 10:55:12 PDT 2015
File s3://stochss-us-east-1-bucket/candy.zip saved as '/mnt/candy.zip' (130412988 bytes in 50.4 seconds, 2.47 MB/s)
==========================
Mon Apr 27 11:00:12 PDT 2015
File s3://stochss-us-east-1-bucket/candy.zip saved as '/mnt/candy.zip' (130412988 bytes in 53.8 seconds, 2.31 MB/s)
==========================
Mon Apr 27 11:05:12 PDT 2015
File s3://stochss-us-east-1-bucket/candy.zip saved as '/mnt/candy.zip' (130412988 bytes in 53.5 seconds, 2.32 MB/s)
==========================
Mon Apr 27 11:10:12 PDT 2015
File s3://stochss-us-east-1-bucket/candy.zip saved as '/mnt/candy.zip' (130412988 bytes in 55.2 seconds, 2.25 MB/s)
==========================
Mon Apr 27 11:15:12 PDT 2015
File s3://stochss-us-east-1-bucket/candy.zip saved as '/mnt/candy.zip' (130412988 bytes in 52.9 seconds, 2.35 MB/s)
==========================
Mon Apr 27 11:20:12 PDT 2015
File s3://stochss-us-east-1-bucket/candy.zip saved as '/mnt/candy.zip' (130412988 bytes in 54.4 seconds, 2.29 MB/s)
==========================
Mon Apr 27 11:25:12 PDT 2015
File s3://stochss-us-east-1-bucket/candy.zip saved as '/mnt/candy.zip' (130412988 bytes in 51.1 seconds, 2.43 MB/s)
==========================
Mon Apr 27 11:30:12 PDT 2015
File s3://stochss-us-east-1-bucket/candy.zip saved as '/mnt/candy.zip' (130412988 bytes in 51.1 seconds, 2.44 MB/s)
==========================
Mon Apr 27 11:35:12 PDT 2015
File s3://stochss-us-east-1-bucket/candy.zip saved as '/mnt/candy.zip' (130412988 bytes in 50.7 seconds, 2.45 MB/s)
==========================
